[main 702fc38] Convertir yarn.lock a archivo real
 32 files changed, 159 insertions(+), 8051 deletions(-)
 create mode 100644 .logs/20260407-183857-30a07b2208384eeeb7833efaca6cb0db.retcode
 create mode 100644 .logs/20260408-152551-5fb1bd02d629446599ba9d7d4f049d8e.err
 create mode 100644 .logs/20260408-152551-5fb1bd02d629446599ba9d7d4f049d8e.out
 create mode 100644 .logs/20260408-152551-5fb1bd02d629446599ba9d7d4f049d8e.retcode
 create mode 100644 .logs/20260408-152622-3bedc3f3d44f422d85dbe429fcae7e29.err
 create mode 100644 .logs/20260408-152622-3bedc3f3d44f422d85dbe429fcae7e29.out
 create mode 100644 .logs/20260408-152622-3bedc3f3d44f422d85dbe429fcae7e29.retcode
 create mode 100644 .logs/20260408-152623-15a840f3b2f54864a56591f7a390bc60.err
 create mode 100644 .logs/20260408-152623-15a840f3b2f54864a56591f7a390bc60.out
 create mode 100644 .logs/20260408-152623-15a840f3b2f54864a56591f7a390bc60.retcode
 create mode 100644 .logs/20260408-152623-7b9783ed2bea461fa0b5693fc6b2becb.err
 create mode 100644 .logs/20260408-152623-7b9783ed2bea461fa0b5693fc6b2becb.out
 create mode 100644 .logs/20260408-152623-7b9783ed2bea461fa0b5693fc6b2becb.retcode
 create mode 100644 .logs/20260408-152623-baf33047f2f24a80ac74683eebd6d87a.err
 create mode 100644 .logs/20260408-152623-baf33047f2f24a80ac74683eebd6d87a.out
 create mode 100644 .logs/20260408-152623-baf33047f2f24a80ac74683eebd6d87a.retcode
 create mode 100644 .logs/20260408-152623-d36a04e210a74390bc82900ed481f7ee.err
 create mode 100644 .logs/20260408-152623-d36a04e210a74390bc82900ed481f7ee.out
 create mode 100644 .logs/20260408-152623-d36a04e210a74390bc82900ed481f7ee.retcode
 create mode 100644 .logs/20260408-152627-193e1f61974641abb90f0ad14775a1ca.err
 create mode 100644 .logs/20260408-152627-193e1f61974641abb90f0ad14775a1ca.out
 create mode 100644 .logs/20260408-152627-e7d0ed164d704f8d8e805bc7a8946440.err
 create mode 100644 .logs/20260408-152627-e7d0ed164d704f8d8e805bc7a8946440.out
 create mode 100644 .logs/20260408-152627-e7d0ed164d704f8d8e805bc7a8946440.retcode
 create mode 100644 .logs/20260408-152646-8b6e0cf3a86e40f199c71efb8b7c2e12.err
 create mode 100644 .logs/20260408-152646-8b6e0cf3a86e40f199c71efb8b7c2e12.out
 create mode 100644 .logs/20260408-152646-8b6e0cf3a86e40f199c71efb8b7c2e12.retcode
 create mode 100644 .logs/20260408-152703-e75c43891003489db97a9079caef9df5.err
 create mode 100644 .logs/20260408-152703-e75c43891003489db97a9079caef9df5.out
 mode change 100644 => 120000 nodejs_space/yarn.lock
###702fc38e36dd671062dbc7baf592602d444cdfaf###
