[2J[3J[H[[90m3:26:27 PM[0m] Starting compilation in watch mode...

[[90m3:26:29 PM[0m] Found 0 errors. Watching for file changes.

[32m[Nest] 976  - [39m04/08/2026, 3:26:29 PM [32m    LOG[39m [38;5;3m[NestFactory] [39m[32mStarting Nest application...[39m
[32m[Nest] 976  - [39m04/08/2026, 3:26:29 PM [32m    LOG[39m [38;5;3m[InstanceLoader] [39m[32mConfigHostModule dependencies initialized[39m[38;5;3m +10ms[39m
[32m[Nest] 976  - [39m04/08/2026, 3:26:29 PM [32m    LOG[39m [38;5;3m[InstanceLoader] [39m[32mAppModule dependencies initialized[39m[38;5;3m +0ms[39m
[32m[Nest] 976  - [39m04/08/2026, 3:26:29 PM [32m    LOG[39m [38;5;3m[InstanceLoader] [39m[32mConfigModule dependencies initialized[39m[38;5;3m +0ms[39m
[32m[Nest] 976  - [39m04/08/2026, 3:26:29 PM [32m    LOG[39m [38;5;3m[InstanceLoader] [39m[32mTurnosModule dependencies initialized[39m[38;5;3m +0ms[39m
[32m[Nest] 976  - [39m04/08/2026, 3:26:29 PM [32m    LOG[39m [38;5;3m[InstanceLoader] [39m[32mEstadoModule dependencies initialized[39m[38;5;3m +0ms[39m
[32m[Nest] 976  - [39m04/08/2026, 3:26:29 PM [32m    LOG[39m [38;5;3m[InstanceLoader] [39m[32mBloqueoModule dependencies initialized[39m[38;5;3m +1ms[39m
[32m[Nest] 976  - [39m04/08/2026, 3:26:29 PM [32m    LOG[39m [38;5;3m[InstanceLoader] [39m[32mWebhookModule dependencies initialized[39m[38;5;3m +0ms[39m
[32m[Nest] 976  - [39m04/08/2026, 3:26:29 PM [32m    LOG[39m [38;5;3m[RoutesResolver] [39m[32mAppController {/}:[39m[38;5;3m +150ms[39m
[32m[Nest] 976  - [39m04/08/2026, 3:26:29 PM [32m    LOG[39m [38;5;3m[RouterExplorer] [39m[32mMapped {/, GET} route[39m[38;5;3m +2ms[39m
[32m[Nest] 976  - [39m04/08/2026, 3:26:29 PM [32m    LOG[39m [38;5;3m[RoutesResolver] [39m[32mTurnosController {/api/turnos}:[39m[38;5;3m +0ms[39m
[32m[Nest] 976  - [39m04/08/2026, 3:26:29 PM [32m    LOG[39m [38;5;3m[RouterExplorer] [39m[32mMapped {/api/turnos, POST} route[39m[38;5;3m +0ms[39m
[32m[Nest] 976  - [39m04/08/2026, 3:26:29 PM [32m    LOG[39m [38;5;3m[RouterExplorer] [39m[32mMapped {/api/turnos/:usuarioId/analizar, GET} route[39m[38;5;3m +1ms[39m
[32m[Nest] 976  - [39m04/08/2026, 3:26:29 PM [32m    LOG[39m [38;5;3m[RouterExplorer] [39m[32mMapped {/api/turnos/:usuarioId, GET} route[39m[38;5;3m +0ms[39m
[32m[Nest] 976  - [39m04/08/2026, 3:26:29 PM [32m    LOG[39m [38;5;3m[RoutesResolver] [39m[32mBloqueoController {/api/bloqueo}:[39m[38;5;3m +0ms[39m
[32m[Nest] 976  - [39m04/08/2026, 3:26:29 PM [32m    LOG[39m [38;5;3m[RouterExplorer] [39m[32mMapped {/api/bloqueo, POST} route[39m[38;5;3m +0ms[39m
[32m[Nest] 976  - [39m04/08/2026, 3:26:29 PM [32m    LOG[39m [38;5;3m[RouterExplorer] [39m[32mMapped {/api/bloqueo/:bloqueoId, DELETE} route[39m[38;5;3m +0ms[39m
[32m[Nest] 976  - [39m04/08/2026, 3:26:29 PM [32m    LOG[39m [38;5;3m[RouterExplorer] [39m[32mMapped {/api/bloqueo/:usuarioId/activos, GET} route[39m[38;5;3m +1ms[39m
[32m[Nest] 976  - [39m04/08/2026, 3:26:29 PM [32m    LOG[39m [38;5;3m[RoutesResolver] [39m[32mWebhookController {/api/webhook}:[39m[38;5;3m +0ms[39m
[32m[Nest] 976  - [39m04/08/2026, 3:26:29 PM [32m    LOG[39m [38;5;3m[RouterExplorer] [39m[32mMapped {/api/webhook/tasker, POST} route[39m[38;5;3m +0ms[39m
[32m[Nest] 976  - [39m04/08/2026, 3:26:29 PM [32m    LOG[39m [38;5;3m[RouterExplorer] [39m[32mMapped {/api/webhook/tasker/estado/:bloqueoId, GET} route[39m[38;5;3m +0ms[39m
[32m[Nest] 976  - [39m04/08/2026, 3:26:29 PM [32m    LOG[39m [38;5;3m[RoutesResolver] [39m[32mEstadoController {/api/estado}:[39m[38;5;3m +0ms[39m
[32m[Nest] 976  - [39m04/08/2026, 3:26:29 PM [32m    LOG[39m [38;5;3m[RouterExplorer] [39m[32mMapped {/api/estado/:usuarioId, GET} route[39m[38;5;3m +0ms[39m
[32m[Nest] 976  - [39m04/08/2026, 3:26:29 PM [32m    LOG[39m [38;5;3m[RouterExplorer] [39m[32mMapped {/api/estado/:usuarioId/bloqueos, GET} route[39m[38;5;3m +1ms[39m
[32m[Nest] 976  - [39m04/08/2026, 3:26:29 PM [32m    LOG[39m [38;5;3m[RouterExplorer] [39m[32mMapped {/api/estado/:usuarioId/turnos, GET} route[39m[38;5;3m +0ms[39m
[32m[Nest] 976  - [39m04/08/2026, 3:26:29 PM [32m    LOG[39m [38;5;3m[RouterExplorer] [39m[32mMapped {/api/estado/sitios/bloqueados, GET} route[39m[38;5;3m +0ms[39m
[32m[Nest] 976  - [39m04/08/2026, 3:26:29 PM [32m    LOG[39m [38;5;3m[NestApplication] [39m[32mNest application successfully started[39m[38;5;3m +225ms[39m
✅ ARGOS Backend running on http://0.0.0.0:3000
📚 API Documentation: http://localhost:3000/api-docs
