[main 4361ee6] Fix Dockerfile for Render deployment
 28 files changed, 187 insertions(+), 1 deletion(-)
 create mode 100644 .logs/20260413-010753-6a9d8e9bc2cf423eb962910d440abba5.retcode
 create mode 100644 .logs/20260413-011335-03d174c949a445c49b087688b587a650.err
 create mode 100644 .logs/20260413-011335-03d174c949a445c49b087688b587a650.out
 create mode 100644 .logs/20260413-011335-03d174c949a445c49b087688b587a650.retcode
 create mode 100644 .logs/20260413-011335-1793db4a0cf24267bad7d10b1ffeac6d.err
 create mode 100644 .logs/20260413-011335-1793db4a0cf24267bad7d10b1ffeac6d.out
 create mode 100644 .logs/20260413-011335-1793db4a0cf24267bad7d10b1ffeac6d.retcode
 create mode 100644 .logs/20260413-011335-511ad7208c9e47fd987119c5ef03d1d0.err
 create mode 100644 .logs/20260413-011335-511ad7208c9e47fd987119c5ef03d1d0.out
 create mode 100644 .logs/20260413-011335-511ad7208c9e47fd987119c5ef03d1d0.retcode
 create mode 100644 .logs/20260413-011335-84995da1cf8a4d6e8c0ebf09263b32c7.err
 create mode 100644 .logs/20260413-011335-84995da1cf8a4d6e8c0ebf09263b32c7.out
 create mode 100644 .logs/20260413-011335-84995da1cf8a4d6e8c0ebf09263b32c7.retcode
 create mode 100644 .logs/20260413-011335-a071326ba79e4a72a7e57c884c148721.err
 create mode 100644 .logs/20260413-011335-a071326ba79e4a72a7e57c884c148721.out
 create mode 100644 .logs/20260413-011335-a071326ba79e4a72a7e57c884c148721.retcode
 create mode 100644 .logs/20260413-011340-3ca88a40042448e8b21138d558fb759e.err
 create mode 100644 .logs/20260413-011340-3ca88a40042448e8b21138d558fb759e.out
 create mode 100644 .logs/20260413-011340-3ca88a40042448e8b21138d558fb759e.retcode
 create mode 100644 .logs/20260413-011340-ce7540dfe1ef4704bdca457c39adfed3.err
 create mode 100644 .logs/20260413-011340-ce7540dfe1ef4704bdca457c39adfed3.out
 create mode 100644 .logs/20260413-011401-29697a21c37043c8bc29edaaa40bda2d.err
 create mode 100644 .logs/20260413-011401-29697a21c37043c8bc29edaaa40bda2d.out
 create mode 100644 .logs/20260413-011401-29697a21c37043c8bc29edaaa40bda2d.retcode
 create mode 100644 .logs/20260413-011417-0ca7b95aec3f4eadb433c239b205d7a4.err
 create mode 100644 .logs/20260413-011417-0ca7b95aec3f4eadb433c239b205d7a4.out
###4361ee66e6f9cd92c9425a270e8e7ecfa49780d1###
