[main 03e8877] User profile and PC bridge modules
 27 files changed, 203 insertions(+), 1 deletion(-)
 create mode 100644 .logs/20260414-235816-806aaff8bfb748419c0800ccc93ba90e.err
 create mode 100644 .logs/20260414-235816-806aaff8bfb748419c0800ccc93ba90e.out
 create mode 100644 .logs/20260414-235816-806aaff8bfb748419c0800ccc93ba90e.retcode
 create mode 100644 .logs/20260414-235817-16df9dc068c041f3b7dfcda472ae8c32.err
 create mode 100644 .logs/20260414-235817-16df9dc068c041f3b7dfcda472ae8c32.out
 create mode 100644 .logs/20260414-235817-16df9dc068c041f3b7dfcda472ae8c32.retcode
 create mode 100644 .logs/20260414-235817-31c308250f8749c1b8846e3bf085b10a.err
 create mode 100644 .logs/20260414-235817-31c308250f8749c1b8846e3bf085b10a.out
 create mode 100644 .logs/20260414-235817-31c308250f8749c1b8846e3bf085b10a.retcode
 create mode 100644 .logs/20260414-235817-85e14c0bb41043a2bd5cd0430cb4fdf9.err
 create mode 100644 .logs/20260414-235817-85e14c0bb41043a2bd5cd0430cb4fdf9.out
 create mode 100644 .logs/20260414-235817-85e14c0bb41043a2bd5cd0430cb4fdf9.retcode
 create mode 100644 .logs/20260414-235817-c3735a89597a42e4a058056add5d543d.err
 create mode 100644 .logs/20260414-235817-c3735a89597a42e4a058056add5d543d.out
 create mode 100644 .logs/20260414-235817-c3735a89597a42e4a058056add5d543d.retcode
 create mode 100644 .logs/20260414-235822-0943cedb5dcd44739b97fdc70d36638f.err
 create mode 100644 .logs/20260414-235822-0943cedb5dcd44739b97fdc70d36638f.out
 create mode 100644 .logs/20260414-235822-ca6d50a7570b4b0c9a0b3da8c6ed038a.err
 create mode 100644 .logs/20260414-235822-ca6d50a7570b4b0c9a0b3da8c6ed038a.out
 create mode 100644 .logs/20260414-235822-ca6d50a7570b4b0c9a0b3da8c6ed038a.retcode
 create mode 100644 .logs/20260414-235844-f2c027b6a6524e118aacacb42ed0fcf0.err
 create mode 100644 .logs/20260414-235844-f2c027b6a6524e118aacacb42ed0fcf0.out
 create mode 100644 .logs/20260414-235844-f2c027b6a6524e118aacacb42ed0fcf0.retcode
 create mode 100644 .logs/20260414-235912-9431b4ea267740da97d7c3077e7f8d77.err
 create mode 100644 .logs/20260414-235912-9431b4ea267740da97d7c3077e7f8d77.out
###03e8877eb16b146b17cc74d5622d2885e5387203###
