[main e99dfe2] Fix Prisma init in Docker runtime
 30 files changed, 220 insertions(+), 1 deletion(-)
 create mode 100644 .logs/20260413-034135-63d4964071c44cbea898ea7882646f9a.retcode
 create mode 100644 .logs/20260413-034217-de5b7e1417f14227a19ad2b8bac924f2.retcode
 create mode 100644 .logs/20260413-034711-0add6d532bb843d0acaa6363b78cf523.err
 create mode 100644 .logs/20260413-034711-0add6d532bb843d0acaa6363b78cf523.out
 create mode 100644 .logs/20260413-034711-0add6d532bb843d0acaa6363b78cf523.retcode
 create mode 100644 .logs/20260413-034711-709aa4e50d1f4b3bae393afd02774258.err
 create mode 100644 .logs/20260413-034711-709aa4e50d1f4b3bae393afd02774258.out
 create mode 100644 .logs/20260413-034711-709aa4e50d1f4b3bae393afd02774258.retcode
 create mode 100644 .logs/20260413-034711-751e80fd34194c19869c176410dd3670.err
 create mode 100644 .logs/20260413-034711-751e80fd34194c19869c176410dd3670.out
 create mode 100644 .logs/20260413-034711-751e80fd34194c19869c176410dd3670.retcode
 create mode 100644 .logs/20260413-034711-7d17950a204d4e3494f9d0a9f97eb8b3.err
 create mode 100644 .logs/20260413-034711-7d17950a204d4e3494f9d0a9f97eb8b3.out
 create mode 100644 .logs/20260413-034711-7d17950a204d4e3494f9d0a9f97eb8b3.retcode
 create mode 100644 .logs/20260413-034711-c3df4e00bb1e4426861a0d2b8102f930.err
 create mode 100644 .logs/20260413-034711-c3df4e00bb1e4426861a0d2b8102f930.out
 create mode 100644 .logs/20260413-034711-c3df4e00bb1e4426861a0d2b8102f930.retcode
 create mode 100644 .logs/20260413-034715-6664bacf5ac44b0dae21d87a0807d1be.err
 create mode 100644 .logs/20260413-034715-6664bacf5ac44b0dae21d87a0807d1be.out
 create mode 100644 .logs/20260413-034716-f08cf8cbc81b4150bd68d50f8db7cabf.err
 create mode 100644 .logs/20260413-034716-f08cf8cbc81b4150bd68d50f8db7cabf.out
 create mode 100644 .logs/20260413-034716-f08cf8cbc81b4150bd68d50f8db7cabf.retcode
 create mode 100644 .logs/20260413-034736-65d643c5d33c41db81adc419990c308e.err
 create mode 100644 .logs/20260413-034736-65d643c5d33c41db81adc419990c308e.out
 create mode 100644 .logs/20260413-034736-65d643c5d33c41db81adc419990c308e.retcode
 create mode 100644 .logs/20260413-034750-7234c716e83243638b65a61f96e80599.err
 create mode 100644 .logs/20260413-034750-7234c716e83243638b65a61f96e80599.out
###e99dfe246fafb9773df9b28d044b6d6522783d3b###
