[master 61e52f1] ARGOS Fase 1: Backend NestJS completado + docs
 29 files changed, 70 insertions(+), 1 deletion(-)
 create mode 100644 .logs/20260407-161721-c308acb2814c443185d936b0e0421c4c.retcode
 create mode 100644 .logs/20260407-162143-b204ed46c82140c79ba444202ef59881.err
 create mode 100644 .logs/20260407-162143-b204ed46c82140c79ba444202ef59881.out
 create mode 100644 .logs/20260407-162143-b204ed46c82140c79ba444202ef59881.retcode
 create mode 100644 .logs/20260407-162144-7c4c791d3f5f40e78efa06f3e8375ef0.err
 create mode 100644 .logs/20260407-162144-7c4c791d3f5f40e78efa06f3e8375ef0.out
 create mode 100644 .logs/20260407-162144-7c4c791d3f5f40e78efa06f3e8375ef0.retcode
 create mode 100644 .logs/20260407-162144-c4bc042a0e32442d87b51888c9b83ea3.err
 create mode 100644 .logs/20260407-162144-c4bc042a0e32442d87b51888c9b83ea3.out
 create mode 100644 .logs/20260407-162144-c4bc042a0e32442d87b51888c9b83ea3.retcode
 create mode 100644 .logs/20260407-162144-f6af6c7c1abd42f7b7d8cdcbbf748597.err
 create mode 100644 .logs/20260407-162144-f6af6c7c1abd42f7b7d8cdcbbf748597.out
 create mode 100644 .logs/20260407-162144-f6af6c7c1abd42f7b7d8cdcbbf748597.retcode
 create mode 100644 .logs/20260407-162144-fac8c072d9884b5fa55479011616b961.err
 create mode 100644 .logs/20260407-162144-fac8c072d9884b5fa55479011616b961.out
 create mode 100644 .logs/20260407-162144-fac8c072d9884b5fa55479011616b961.retcode
 create mode 100644 .logs/20260407-162148-b7c79920b56e4473a2ce75c5519eec6c.err
 create mode 100644 .logs/20260407-162148-b7c79920b56e4473a2ce75c5519eec6c.out
 create mode 100644 .logs/20260407-162148-db7e8d6560d0479b9b3400f7e1d65bc1.err
 create mode 100644 .logs/20260407-162148-db7e8d6560d0479b9b3400f7e1d65bc1.out
 create mode 100644 .logs/20260407-162148-db7e8d6560d0479b9b3400f7e1d65bc1.retcode
 create mode 100644 .logs/20260407-162208-37b8f3d420ad479eb7b7de3b28c2ab9e.err
 create mode 100644 .logs/20260407-162208-37b8f3d420ad479eb7b7de3b28c2ab9e.out
 create mode 100644 .logs/20260407-162208-37b8f3d420ad479eb7b7de3b28c2ab9e.retcode
 create mode 100644 .logs/20260407-162220-e6e24aebaee649e1b7b5fa1e854b7078.err
 create mode 100644 .logs/20260407-162220-e6e24aebaee649e1b7b5fa1e854b7078.out
 create mode 100644 QUICKSTART.pdf
###61e52f12bf20c5c4b4b7f721157ec6a063a9c5a6###
