[31m[Nest] 833  - [39m04/15/2026, 12:38:18 AM [31m  ERROR[39m [38;5;3m[ExceptionHandler] [39mUnknownDependenciesException [Error]: Nest can't resolve dependencies of the ComandoVozController (ComandoVozService, ?). Please make sure that the argument ComandoVozUnificadoService at index [1] is available in the ComandoVozModule module.

Potential solutions:
- Is ComandoVozModule a valid NestJS module?
- If ComandoVozUnificadoService is a provider, is it part of the current ComandoVozModule?
- If ComandoVozUnificadoService is exported from a separate @Module, is that module imported within ComandoVozModule?
  @Module({
    imports: [ /* the Module containing ComandoVozUnificadoService */ ]
  })

For more common dependency resolution issues, see: https://docs.nestjs.com/faq/common-errors
    at Injector.lookupComponentInParentModules (/opt/hostedapp/node/root/nodejs/node_modules/[4m@nestjs[24m/core/injector/injector.js:290:19)
    at async resolveParam (/opt/hostedapp/node/root/nodejs/node_modules/[4m@nestjs[24m/core/injector/injector.js:140:38)
    at async Promise.all (index 1)
    at async Injector.resolveConstructorParams (/opt/hostedapp/node/root/nodejs/node_modules/[4m@nestjs[24m/core/injector/injector.js:169:27)
    at async Injector.loadInstance (/opt/hostedapp/node/root/nodejs/node_modules/[4m@nestjs[24m/core/injector/injector.js:75:13)
    at async Injector.loadController (/opt/hostedapp/node/root/nodejs/node_modules/[4m@nestjs[24m/core/injector/injector.js:94:9)
    at async /opt/hostedapp/node/root/nodejs/node_modules/[4m@nestjs[24m/core/injector/instance-loader.js:68:13
    at async Promise.all (index 0)
    at async InstanceLoader.createInstancesOfControllers (/opt/hostedapp/node/root/nodejs/node_modules/[4m@nestjs[24m/core/injector/instance-loader.js:67:9)
    at async /opt/hostedapp/node/root/nodejs/node_modules/[4m@nestjs[24m/core/injector/instance-loader.js:42:13 {
  type: [32m'ComandoVozController'[39m,
  context: {
    index: [33m1[39m,
    dependencies: [
      [36m[class ComandoVozService][39m,
      [36m[class ComandoVozUnificadoService][39m
    ],
    name: [36m[class ComandoVozUnificadoService][39m
  },
  metadata: {
    id: [32m'1536d27a4ef26371dd33b'[39m
  },
  moduleRef: {
    id: [32m'34120c3e2eec4878741e5'[39m
  }
}
