[main 0e2a22e] Fix render.yaml deployment configuration
 30 files changed, 219 insertions(+), 1 deletion(-)
 create mode 100644 .logs/20260409-155946-5faf96c7bf17426c9cec2f3ca3f0a769.retcode
 create mode 100644 .logs/20260409-160108-e23d25dae7ea42479443979c235f89d5.retcode
 create mode 100644 .logs/20260409-161001-5d07075cb71d4d3483a27dfa1e0b6ca8.err
 create mode 100644 .logs/20260409-161001-5d07075cb71d4d3483a27dfa1e0b6ca8.out
 create mode 100644 .logs/20260409-161001-5d07075cb71d4d3483a27dfa1e0b6ca8.retcode
 create mode 100644 .logs/20260409-161001-7cfdc2906cc24cd797eafab79346eee0.err
 create mode 100644 .logs/20260409-161001-7cfdc2906cc24cd797eafab79346eee0.out
 create mode 100644 .logs/20260409-161001-7cfdc2906cc24cd797eafab79346eee0.retcode
 create mode 100644 .logs/20260409-161001-e8f1895964d94ed2a0c018eaf77a2142.err
 create mode 100644 .logs/20260409-161001-e8f1895964d94ed2a0c018eaf77a2142.out
 create mode 100644 .logs/20260409-161001-e8f1895964d94ed2a0c018eaf77a2142.retcode
 create mode 100644 .logs/20260409-161002-b8bfcd28444c42f6917d9409de4b1da6.err
 create mode 100644 .logs/20260409-161002-b8bfcd28444c42f6917d9409de4b1da6.out
 create mode 100644 .logs/20260409-161002-b8bfcd28444c42f6917d9409de4b1da6.retcode
 create mode 100644 .logs/20260409-161002-c44773ff009e42aeb50e8ccdc6f8d0b2.err
 create mode 100644 .logs/20260409-161002-c44773ff009e42aeb50e8ccdc6f8d0b2.out
 create mode 100644 .logs/20260409-161002-c44773ff009e42aeb50e8ccdc6f8d0b2.retcode
 create mode 100644 .logs/20260409-161007-50aeb9718c604b138e36ab714ce1589c.err
 create mode 100644 .logs/20260409-161007-50aeb9718c604b138e36ab714ce1589c.out
 create mode 100644 .logs/20260409-161007-f1d51ff905cc4722a4862892ca05e97d.err
 create mode 100644 .logs/20260409-161007-f1d51ff905cc4722a4862892ca05e97d.out
 create mode 100644 .logs/20260409-161007-f1d51ff905cc4722a4862892ca05e97d.retcode
 create mode 100644 .logs/20260409-161028-29f0f573587c482fad43c2fedfe28919.err
 create mode 100644 .logs/20260409-161028-29f0f573587c482fad43c2fedfe28919.out
 create mode 100644 .logs/20260409-161028-29f0f573587c482fad43c2fedfe28919.retcode
 create mode 100644 .logs/20260409-161045-3a33f3fd12a148a89ee941e8c7bd2272.err
 create mode 100644 .logs/20260409-161045-3a33f3fd12a148a89ee941e8c7bd2272.out
###0e2a22ea515828a27df83eb34e0e648fb73ae83f###
