[main 1949d73] Add AI intelligence module with search and chat
 29 files changed, 86 insertions(+), 8051 deletions(-)
 create mode 100644 .logs/20260408-155806-b376f345fc8d48e29b6ba34b0a95ed5d.retcode
 create mode 100644 .logs/20260408-161216-09f26ca14cf149da82aa070a6f97c384.err
 create mode 100644 .logs/20260408-161216-09f26ca14cf149da82aa070a6f97c384.out
 create mode 100644 .logs/20260408-161216-09f26ca14cf149da82aa070a6f97c384.retcode
 create mode 100644 .logs/20260408-161216-115a976a460842178d2d01c9e935e5fd.err
 create mode 100644 .logs/20260408-161216-115a976a460842178d2d01c9e935e5fd.out
 create mode 100644 .logs/20260408-161216-115a976a460842178d2d01c9e935e5fd.retcode
 create mode 100644 .logs/20260408-161216-927c69c8ce09410cabe3d418217944d7.err
 create mode 100644 .logs/20260408-161216-927c69c8ce09410cabe3d418217944d7.out
 create mode 100644 .logs/20260408-161216-927c69c8ce09410cabe3d418217944d7.retcode
 create mode 100644 .logs/20260408-161216-a759fe401c2f45748a5dc8f1b77d524f.err
 create mode 100644 .logs/20260408-161216-a759fe401c2f45748a5dc8f1b77d524f.out
 create mode 100644 .logs/20260408-161216-a759fe401c2f45748a5dc8f1b77d524f.retcode
 create mode 100644 .logs/20260408-161216-f3153a61d92c4ee08ad58d2e6b8d95cb.err
 create mode 100644 .logs/20260408-161216-f3153a61d92c4ee08ad58d2e6b8d95cb.out
 create mode 100644 .logs/20260408-161216-f3153a61d92c4ee08ad58d2e6b8d95cb.retcode
 create mode 100644 .logs/20260408-161220-405883fa941648a7b881a8229c372367.err
 create mode 100644 .logs/20260408-161220-405883fa941648a7b881a8229c372367.out
 create mode 100644 .logs/20260408-161220-405883fa941648a7b881a8229c372367.retcode
 create mode 100644 .logs/20260408-161220-7f477729305f4b9e9cdfb7e18650dbde.err
 create mode 100644 .logs/20260408-161220-7f477729305f4b9e9cdfb7e18650dbde.out
 create mode 100644 .logs/20260408-161241-60bc4fb20d21405bb9a2f3cffa56a769.err
 create mode 100644 .logs/20260408-161241-60bc4fb20d21405bb9a2f3cffa56a769.out
 create mode 100644 .logs/20260408-161241-60bc4fb20d21405bb9a2f3cffa56a769.retcode
 create mode 100644 .logs/20260408-161300-3e8c91ec54104cc7bec4d0e42b562d95.err
 create mode 100644 .logs/20260408-161300-3e8c91ec54104cc7bec4d0e42b562d95.out
 mode change 100644 => 120000 nodejs_space/yarn.lock
###1949d73ae75b5dd4f2f614ab7a40b2daf9a59b12###
