[main cd852fe] Production ready with full documentation
 29 files changed, 131 insertions(+), 8051 deletions(-)
 create mode 100644 .logs/20260408-181244-683a332ac2594f4ca881b4e69315bcc4.retcode
 create mode 100644 .logs/20260408-182942-17aa5cd6a5564f13a7cb2d49b7ac660c.err
 create mode 100644 .logs/20260408-182942-17aa5cd6a5564f13a7cb2d49b7ac660c.out
 create mode 100644 .logs/20260408-182942-17aa5cd6a5564f13a7cb2d49b7ac660c.retcode
 create mode 100644 .logs/20260408-182942-2a17fab1aacf4079b9fda9d2184f7fa3.err
 create mode 100644 .logs/20260408-182942-2a17fab1aacf4079b9fda9d2184f7fa3.out
 create mode 100644 .logs/20260408-182942-2a17fab1aacf4079b9fda9d2184f7fa3.retcode
 create mode 100644 .logs/20260408-182942-371c2247f1d048279578ef940229fbac.err
 create mode 100644 .logs/20260408-182942-371c2247f1d048279578ef940229fbac.out
 create mode 100644 .logs/20260408-182942-371c2247f1d048279578ef940229fbac.retcode
 create mode 100644 .logs/20260408-182942-44ff8fe401874cb692923bfab64b052b.err
 create mode 100644 .logs/20260408-182942-44ff8fe401874cb692923bfab64b052b.out
 create mode 100644 .logs/20260408-182942-44ff8fe401874cb692923bfab64b052b.retcode
 create mode 100644 .logs/20260408-182942-7082a2c8721a4f729bb704e06cc92467.err
 create mode 100644 .logs/20260408-182942-7082a2c8721a4f729bb704e06cc92467.out
 create mode 100644 .logs/20260408-182942-7082a2c8721a4f729bb704e06cc92467.retcode
 create mode 100644 .logs/20260408-182947-2d948cec22e844059f85566de0507a69.err
 create mode 100644 .logs/20260408-182947-2d948cec22e844059f85566de0507a69.out
 create mode 100644 .logs/20260408-182947-2d948cec22e844059f85566de0507a69.retcode
 create mode 100644 .logs/20260408-182947-dd89e7e50f544b85a8de7e8962be1f9b.err
 create mode 100644 .logs/20260408-182947-dd89e7e50f544b85a8de7e8962be1f9b.out
 create mode 100644 .logs/20260408-183009-11fd2b4eadd54e9e9f5b5551b765bc33.err
 create mode 100644 .logs/20260408-183009-11fd2b4eadd54e9e9f5b5551b765bc33.out
 create mode 100644 .logs/20260408-183009-11fd2b4eadd54e9e9f5b5551b765bc33.retcode
 create mode 100644 .logs/20260408-183038-314b071006c04173af2158b685303ee2.err
 create mode 100644 .logs/20260408-183038-314b071006c04173af2158b685303ee2.out
 mode change 100644 => 120000 nodejs_space/yarn.lock
###cd852fe7f83dbc1fa20d93f1072c1539afb1040e###
