[main e52c985] Fix Dockerfile path render.yaml
 31 files changed, 392 insertions(+), 1 deletion(-)
 create mode 100644 .logs/20260413-040624-1282693b27624611b98cd4ba41da62d7.retcode
 create mode 100644 .logs/20260413-042300-b33f81d8ae574ae7bebf3ba9cfd303e7.err
 create mode 100644 .logs/20260413-042300-b33f81d8ae574ae7bebf3ba9cfd303e7.out
 create mode 100644 .logs/20260413-042300-b33f81d8ae574ae7bebf3ba9cfd303e7.retcode
 create mode 100644 .logs/20260413-042328-570c412e75d0445d9d718bc0acb01bf5.err
 create mode 100644 .logs/20260413-042328-570c412e75d0445d9d718bc0acb01bf5.out
 create mode 100644 .logs/20260413-042328-570c412e75d0445d9d718bc0acb01bf5.retcode
 create mode 100644 .logs/20260413-042328-b1e2c2ed57c24867aefdd4c0832c69d4.err
 create mode 100644 .logs/20260413-042328-b1e2c2ed57c24867aefdd4c0832c69d4.out
 create mode 100644 .logs/20260413-042328-b1e2c2ed57c24867aefdd4c0832c69d4.retcode
 create mode 100644 .logs/20260413-042328-b395f7ca9ce746619c900a5fa83a7160.err
 create mode 100644 .logs/20260413-042328-b395f7ca9ce746619c900a5fa83a7160.out
 create mode 100644 .logs/20260413-042328-b395f7ca9ce746619c900a5fa83a7160.retcode
 create mode 100644 .logs/20260413-042328-dbaddd3f08324514bfc04c2537837d93.err
 create mode 100644 .logs/20260413-042328-dbaddd3f08324514bfc04c2537837d93.out
 create mode 100644 .logs/20260413-042328-dbaddd3f08324514bfc04c2537837d93.retcode
 create mode 100644 .logs/20260413-042329-31e03c182e264b609c95cb0a59229ca8.err
 create mode 100644 .logs/20260413-042329-31e03c182e264b609c95cb0a59229ca8.out
 create mode 100644 .logs/20260413-042329-31e03c182e264b609c95cb0a59229ca8.retcode
 create mode 100644 .logs/20260413-042333-a52632111a6d40f2a753e21ffed6b739.err
 create mode 100644 .logs/20260413-042333-a52632111a6d40f2a753e21ffed6b739.out
 create mode 100644 .logs/20260413-042333-f4eaa9b1e8d849e4a0c5a852d8bbbb3f.err
 create mode 100644 .logs/20260413-042333-f4eaa9b1e8d849e4a0c5a852d8bbbb3f.out
 create mode 100644 .logs/20260413-042333-f4eaa9b1e8d849e4a0c5a852d8bbbb3f.retcode
 create mode 100644 .logs/20260413-042353-fc2bb42ed8f546d692183551fcf92522.err
 create mode 100644 .logs/20260413-042353-fc2bb42ed8f546d692183551fcf92522.out
 create mode 100644 .logs/20260413-042353-fc2bb42ed8f546d692183551fcf92522.retcode
 create mode 100644 .logs/20260413-042413-56a14ce61f194ccd84993fa0d8ffacc2.err
 create mode 100644 .logs/20260413-042413-56a14ce61f194ccd84993fa0d8ffacc2.out
###e52c9857103a1f1bd2a12f0785508baa5b5f761c###
