[main 174b493] Phase 2 complete with all features
 27 files changed, 129 insertions(+), 8051 deletions(-)
 create mode 100644 .logs/20260408-181239-44300fdbbb1a4bdd98dacd2eddf1c8da.err
 create mode 100644 .logs/20260408-181239-44300fdbbb1a4bdd98dacd2eddf1c8da.out
 create mode 100644 .logs/20260408-181239-44300fdbbb1a4bdd98dacd2eddf1c8da.retcode
 create mode 100644 .logs/20260408-181239-4830af026fed4b9ea10e7eff95e8133a.err
 create mode 100644 .logs/20260408-181239-4830af026fed4b9ea10e7eff95e8133a.out
 create mode 100644 .logs/20260408-181239-4830af026fed4b9ea10e7eff95e8133a.retcode
 create mode 100644 .logs/20260408-181239-568fa7477de54004b5d6f61956ac654b.err
 create mode 100644 .logs/20260408-181239-568fa7477de54004b5d6f61956ac654b.out
 create mode 100644 .logs/20260408-181239-568fa7477de54004b5d6f61956ac654b.retcode
 create mode 100644 .logs/20260408-181239-7c7de92bb6d64936a53132c01f81bd73.err
 create mode 100644 .logs/20260408-181239-7c7de92bb6d64936a53132c01f81bd73.out
 create mode 100644 .logs/20260408-181239-7c7de92bb6d64936a53132c01f81bd73.retcode
 create mode 100644 .logs/20260408-181239-e912199b070b451dad1d5e3b22cb2a81.err
 create mode 100644 .logs/20260408-181239-e912199b070b451dad1d5e3b22cb2a81.out
 create mode 100644 .logs/20260408-181239-e912199b070b451dad1d5e3b22cb2a81.retcode
 create mode 100644 .logs/20260408-181244-683a332ac2594f4ca881b4e69315bcc4.err
 create mode 100644 .logs/20260408-181244-683a332ac2594f4ca881b4e69315bcc4.out
 create mode 100644 .logs/20260408-181244-77ff39b3f3ee4c1db8c681c6579f3c50.err
 create mode 100644 .logs/20260408-181244-77ff39b3f3ee4c1db8c681c6579f3c50.out
 create mode 100644 .logs/20260408-181244-77ff39b3f3ee4c1db8c681c6579f3c50.retcode
 create mode 100644 .logs/20260408-181305-0a116eed9be14955b2cc543acb63c7e0.err
 create mode 100644 .logs/20260408-181305-0a116eed9be14955b2cc543acb63c7e0.out
 create mode 100644 .logs/20260408-181305-0a116eed9be14955b2cc543acb63c7e0.retcode
 create mode 100644 .logs/20260408-181344-ce47befce7254026994432b0982a64af.err
 create mode 100644 .logs/20260408-181344-ce47befce7254026994432b0982a64af.out
 mode change 100644 => 120000 nodejs_space/yarn.lock
###174b49323d6b1b5190dd4acb346466e1d304d985###
