[main 01ac502] Remove Prisma type imports fix
 31 files changed, 668 insertions(+), 1 deletion(-)
 create mode 100644 .logs/20260413-022607-b1da4566e8354e7dab674ea2ff5a3190.retcode
 create mode 100644 .logs/20260413-022639-b480d1ce54634aeea87036b92045d347.retcode
 create mode 100644 .logs/20260413-023557-07022e470357460fab3b019bf599c9db.err
 create mode 100644 .logs/20260413-023557-07022e470357460fab3b019bf599c9db.out
 create mode 100644 .logs/20260413-023557-07022e470357460fab3b019bf599c9db.retcode
 create mode 100644 .logs/20260413-023557-16519d913ce844a3aa07968b3251559f.err
 create mode 100644 .logs/20260413-023557-16519d913ce844a3aa07968b3251559f.out
 create mode 100644 .logs/20260413-023557-16519d913ce844a3aa07968b3251559f.retcode
 create mode 100644 .logs/20260413-023557-a492b1c236b94b47ba3218ac0c119011.err
 create mode 100644 .logs/20260413-023557-a492b1c236b94b47ba3218ac0c119011.out
 create mode 100644 .logs/20260413-023557-a492b1c236b94b47ba3218ac0c119011.retcode
 create mode 100644 .logs/20260413-023557-d9de42cd93ad40f2a91806d6432f499b.err
 create mode 100644 .logs/20260413-023557-d9de42cd93ad40f2a91806d6432f499b.out
 create mode 100644 .logs/20260413-023557-d9de42cd93ad40f2a91806d6432f499b.retcode
 create mode 100644 .logs/20260413-023557-f9fca625b34741618642c9897a80c142.err
 create mode 100644 .logs/20260413-023557-f9fca625b34741618642c9897a80c142.out
 create mode 100644 .logs/20260413-023557-f9fca625b34741618642c9897a80c142.retcode
 create mode 100644 .logs/20260413-023602-6c8cfcb6d43745d2a0a6ac9d28bb9bc8.err
 create mode 100644 .logs/20260413-023602-6c8cfcb6d43745d2a0a6ac9d28bb9bc8.out
 create mode 100644 .logs/20260413-023602-8e05135946174823aff048c45cbe30ee.err
 create mode 100644 .logs/20260413-023602-8e05135946174823aff048c45cbe30ee.out
 create mode 100644 .logs/20260413-023602-8e05135946174823aff048c45cbe30ee.retcode
 create mode 100644 .logs/20260413-023624-192fe554a98f479cb162c539e36c3263.err
 create mode 100644 .logs/20260413-023624-192fe554a98f479cb162c539e36c3263.out
 create mode 100644 .logs/20260413-023624-192fe554a98f479cb162c539e36c3263.retcode
 create mode 100644 .logs/20260413-023639-7f7f9725a32c4888aa2f543a041f6b3f.err
 create mode 100644 .logs/20260413-023639-7f7f9725a32c4888aa2f543a041f6b3f.out
###01ac502ee376a12a177397d907b687622667fcaf###
