➤ YN0000: · Yarn 4.13.0
➤ YN0000: ┌ Resolution step
➤ YN0085: │ + axios@npm:1.15.0, follow-redirects@npm:1.15.11, proxy-from-env@npm:2.1.0
➤ YN0000: └ Completed in 0s 314ms
➤ YN0000: ┌ Post-resolution validation
➤ YN0002: │ nodejs_space@workspace:. doesn't provide webpack (p687b73), requested by ts-loader.
➤ YN0086: │ Some peer dependencies are incorrectly met by your project; run yarn explain peer-requirements <hash> for details, where <hash> is the six-letter p-prefixed code.
➤ YN0000: └ Completed
➤ YN0000: ┌ Fetch step
➤ YN0013: │ A package was added to the project (+ 2.34 MiB).
➤ YN0000: └ Completed in 0s 493ms
➤ YN0000: ┌ Link step
➤ YN0000: └ Completed in 0s 683ms
➤ YN0000: · Done with warnings in 1s 598ms
Environment variables loaded from .env
Prisma schema loaded from prisma/schema.prisma

✔ Generated Prisma Client (v6.7.0) to ./node_modules/.prisma/client in 327ms

Start by importing your Prisma Client (See: https://pris.ly/d/importing-client)

Tip: Need your database queries to be 1000x faster? Accelerate offers you that and more: https://pris.ly/tip-2-accelerate

Starting server...
[2J[3J[H[[90m5:01:35 PM[0m] Starting compilation in watch mode...

[[90m5:01:37 PM[0m] Found 0 errors. Watching for file changes.

[32m[Nest] 694  - [39m04/08/2026, 5:01:38 PM [32m    LOG[39m [38;5;3m[NestFactory] [39m[32mStarting Nest application...[39m
[32m[Nest] 694  - [39m04/08/2026, 5:01:38 PM [32m    LOG[39m [38;5;3m[InstanceLoader] [39m[32mConfigHostModule dependencies initialized[39m[38;5;3m +12ms[39m
[32m[Nest] 694  - [39m04/08/2026, 5:01:38 PM [32m    LOG[39m [38;5;3m[InstanceLoader] [39m[32mAppModule dependencies initialized[39m[38;5;3m +1ms[39m
[32m[Nest] 694  - [39m04/08/2026, 5:01:38 PM [32m    LOG[39m [38;5;3m[InstanceLoader] [39m[32mConfigModule dependencies initialized[39m[38;5;3m +0ms[39m
[32m[Nest] 694  - [39m04/08/2026, 5:01:38 PM [32m    LOG[39m [38;5;3m[InstanceLoader] [39m[32mTurnosModule dependencies initialized[39m[38;5;3m +0ms[39m
[32m[Nest] 694  - [39m04/08/2026, 5:01:38 PM [32m    LOG[39m [38;5;3m[InstanceLoader] [39m[32mEstadoModule dependencies initialized[39m[38;5;3m +0ms[39m
[32m[Nest] 694  - [39m04/08/2026, 5:01:38 PM [32m    LOG[39m [38;5;3m[InstanceLoader] [39m[32mAlarmModule dependencies initialized[39m[38;5;3m +0ms[39m
[32m[Nest] 694  - [39m04/08/2026, 5:01:38 PM [32m    LOG[39m [38;5;3m[InstanceLoader] [39m[32mComandoVozModule dependencies initialized[39m[38;5;3m +1ms[39m
[32m[Nest] 694  - [39m04/08/2026, 5:01:38 PM [32m    LOG[39m [38;5;3m[InstanceLoader] [39m[32mBloqueoModule dependencies initialized[39m[38;5;3m +0ms[39m
[32m[Nest] 694  - [39m04/08/2026, 5:01:38 PM [32m    LOG[39m [38;5;3m[InstanceLoader] [39m[32mWebhookModule dependencies initialized[39m[38;5;3m +0ms[39m
[32m[Nest] 694  - [39m04/08/2026, 5:01:38 PM [32m    LOG[39m [38;5;3m[InstanceLoader] [39m[32mIntelligenceModule dependencies initialized[39m[38;5;3m +0ms[39m
[32m[Nest] 694  - [39m04/08/2026, 5:01:38 PM [32m    LOG[39m [38;5;3m[RoutesResolver] [39m[32mAppController {/}:[39m[38;5;3m +163ms[39m
[32m[Nest] 694  - [39m04/08/2026, 5:01:38 PM [32m    LOG[39m [38;5;3m[RouterExplorer] [39m[32mMapped {/, GET} route[39m[38;5;3m +2ms[39m
[32m[Nest] 694  - [39m04/08/2026, 5:01:38 PM [32m    LOG[39m [38;5;3m[RoutesResolver] [39m[32mTurnosController {/api/turnos}:[39m[38;5;3m +0ms[39m
[32m[Nest] 694  - [39m04/08/2026, 5:01:38 PM [32m    LOG[39m [38;5;3m[RouterExplorer] [39m[32mMapped {/api/turnos, POST} route[39m[38;5;3m +0ms[39m
[32m[Nest] 694  - [39m04/08/2026, 5:01:38 PM [32m    LOG[39m [38;5;3m[RouterExplorer] [39m[32mMapped {/api/turnos/:usuarioId/analizar, GET} route[39m[38;5;3m +1ms[39m
[32m[Nest] 694  - [39m04/08/2026, 5:01:38 PM [32m    LOG[39m [38;5;3m[RouterExplorer] [39m[32mMapped {/api/turnos/:usuarioId, GET} route[39m[38;5;3m +0ms[39m
[32m[Nest] 694  - [39m04/08/2026, 5:01:38 PM [32m    LOG[39m [38;5;3m[RoutesResolver] [39m[32mBloqueoController {/api/bloqueo}:[39m[38;5;3m +0ms[39m
[32m[Nest] 694  - [39m04/08/2026, 5:01:38 PM [32m    LOG[39m [38;5;3m[RouterExplorer] [39m[32mMapped {/api/bloqueo, POST} route[39m[38;5;3m +0ms[39m
[32m[Nest] 694  - [39m04/08/2026, 5:01:38 PM [32m    LOG[39m [38;5;3m[RouterExplorer] [39m[32mMapped {/api/bloqueo/:bloqueoId, DELETE} route[39m[38;5;3m +1ms[39m
[32m[Nest] 694  - [39m04/08/2026, 5:01:38 PM [32m    LOG[39m [38;5;3m[RouterExplorer] [39m[32mMapped {/api/bloqueo/:usuarioId/activos, GET} route[39m[38;5;3m +0ms[39m
[32m[Nest] 694  - [39m04/08/2026, 5:01:38 PM [32m    LOG[39m [38;5;3m[RoutesResolver] [39m[32mWebhookController {/api/webhook}:[39m[38;5;3m +0ms[39m
[32m[Nest] 694  - [39m04/08/2026, 5:01:38 PM [32m    LOG[39m [38;5;3m[RouterExplorer] [39m[32mMapped {/api/webhook/tasker, POST} route[39m[38;5;3m +0ms[39m
[32m[Nest] 694  - [39m04/08/2026, 5:01:38 PM [32m    LOG[39m [38;5;3m[RouterExplorer] [39m[32mMapped {/api/webhook/tasker/estado/:bloqueoId, GET} route[39m[38;5;3m +0ms[39m
[32m[Nest] 694  - [39m04/08/2026, 5:01:38 PM [32m    LOG[39m [38;5;3m[RoutesResolver] [39m[32mEstadoController {/api/estado}:[39m[38;5;3m +0ms[39m
[32m[Nest] 694  - [39m04/08/2026, 5:01:38 PM [32m    LOG[39m [38;5;3m[RouterExplorer] [39m[32mMapped {/api/estado/:usuarioId, GET} route[39m[38;5;3m +0ms[39m
[32m[Nest] 694  - [39m04/08/2026, 5:01:38 PM [32m    LOG[39m [38;5;3m[RouterExplorer] [39m[32mMapped {/api/estado/:usuarioId/bloqueos, GET} route[39m[38;5;3m +0ms[39m
[32m[Nest] 694  - [39m04/08/2026, 5:01:38 PM [32m    LOG[39m [38;5;3m[RouterExplorer] [39m[32mMapped {/api/estado/:usuarioId/turnos, GET} route[39m[38;5;3m +1ms[39m
[32m[Nest] 694  - [39m04/08/2026, 5:01:38 PM [32m    LOG[39m [38;5;3m[RouterExplorer] [39m[32mMapped {/api/estado/sitios/bloqueados, GET} route[39m[38;5;3m +0ms[39m
[32m[Nest] 694  - [39m04/08/2026, 5:01:38 PM [32m    LOG[39m [38;5;3m[RoutesResolver] [39m[32mComandoVozController {/api/comando-voz}:[39m[38;5;3m +0ms[39m
[32m[Nest] 694  - [39m04/08/2026, 5:01:38 PM [32m    LOG[39m [38;5;3m[RouterExplorer] [39m[32mMapped {/api/comando-voz, POST} route[39m[38;5;3m +0ms[39m
[32m[Nest] 694  - [39m04/08/2026, 5:01:38 PM [32m    LOG[39m [38;5;3m[RoutesResolver] [39m[32mAlarmController {/api/alarmas}:[39m[38;5;3m +0ms[39m
[32m[Nest] 694  - [39m04/08/2026, 5:01:38 PM [32m    LOG[39m [38;5;3m[RouterExplorer] [39m[32mMapped {/api/alarmas, POST} route[39m[38;5;3m +0ms[39m
[32m[Nest] 694  - [39m04/08/2026, 5:01:38 PM [32m    LOG[39m [38;5;3m[RouterExplorer] [39m[32mMapped {/api/alarmas/pendientes/:usuarioId, GET} route[39m[38;5;3m +0ms[39m
[32m[Nest] 694  - [39m04/08/2026, 5:01:38 PM [32m    LOG[39m [38;5;3m[RouterExplorer] [39m[32mMapped {/api/alarmas/:id, DELETE} route[39m[38;5;3m +0ms[39m
[32m[Nest] 694  - [39m04/08/2026, 5:01:38 PM [32m    LOG[39m [38;5;3m[RouterExplorer] [39m[32mMapped {/api/alarmas/verificar, GET} route[39m[38;5;3m +0ms[39m
[32m[Nest] 694  - [39m04/08/2026, 5:01:38 PM [32m    LOG[39m [38;5;3m[RoutesResolver] [39m[32mIntelligenceController {/api/v1/intelligence}:[39m[38;5;3m +0ms[39m
[32m[Nest] 694  - [39m04/08/2026, 5:01:38 PM [32m    LOG[39m [38;5;3m[RouterExplorer] [39m[32mMapped {/api/v1/intelligence/search, POST} route[39m[38;5;3m +0ms[39m
[32m[Nest] 694  - [39m04/08/2026, 5:01:38 PM [32m    LOG[39m [38;5;3m[RouterExplorer] [39m[32mMapped {/api/v1/intelligence/answer, POST} route[39m[38;5;3m +0ms[39m
[32m[Nest] 694  - [39m04/08/2026, 5:01:38 PM [32m    LOG[39m [38;5;3m[RouterExplorer] [39m[32mMapped {/api/v1/intelligence/chat, POST} route[39m[38;5;3m +0ms[39m
[32m[Nest] 694  - [39m04/08/2026, 5:01:38 PM [32m    LOG[39m [38;5;3m[NestApplication] [39m[32mNest application successfully started[39m[38;5;3m +331ms[39m
✅ ARGOS Backend running on http://0.0.0.0:3000
📚 API Documentation: http://localhost:3000/api-docs
