[main 8e05cf8] Arreglar Dockerfile para despliegue Render
 33 files changed, 213 insertions(+), 1 deletion(-)
 create mode 100644 .logs/20260407-162220-e6e24aebaee649e1b7b5fa1e854b7078.retcode
 create mode 100644 .logs/20260407-165810-a4036296d5cb4bbc8b20d72e614f5b4e.err
 create mode 100644 .logs/20260407-165810-a4036296d5cb4bbc8b20d72e614f5b4e.out
 create mode 100644 .logs/20260407-182618-0c78dde871654ab682d31aeb28887520.err
 create mode 100644 .logs/20260407-182618-0c78dde871654ab682d31aeb28887520.out
 create mode 100644 .logs/20260407-182618-0c78dde871654ab682d31aeb28887520.retcode
 create mode 100644 .logs/20260407-182643-1eb8a54558304f86b82d6a5a42975f53.err
 create mode 100644 .logs/20260407-182643-1eb8a54558304f86b82d6a5a42975f53.out
 create mode 100644 .logs/20260407-182643-1eb8a54558304f86b82d6a5a42975f53.retcode
 create mode 100644 .logs/20260407-182643-296784dac4084edfa62c8deba8d86f26.err
 create mode 100644 .logs/20260407-182643-296784dac4084edfa62c8deba8d86f26.out
 create mode 100644 .logs/20260407-182643-296784dac4084edfa62c8deba8d86f26.retcode
 create mode 100644 .logs/20260407-182643-7890e8fa8c95445a8326f5f59012319b.err
 create mode 100644 .logs/20260407-182643-7890e8fa8c95445a8326f5f59012319b.out
 create mode 100644 .logs/20260407-182643-7890e8fa8c95445a8326f5f59012319b.retcode
 create mode 100644 .logs/20260407-182643-9b2e1988d5cb48c38853025079e385a8.err
 create mode 100644 .logs/20260407-182643-9b2e1988d5cb48c38853025079e385a8.out
 create mode 100644 .logs/20260407-182643-9b2e1988d5cb48c38853025079e385a8.retcode
 create mode 100644 .logs/20260407-182643-d3b9e16fd8fc47c3a00ecb7c6b3f90ed.err
 create mode 100644 .logs/20260407-182643-d3b9e16fd8fc47c3a00ecb7c6b3f90ed.out
 create mode 100644 .logs/20260407-182643-d3b9e16fd8fc47c3a00ecb7c6b3f90ed.retcode
 create mode 100644 .logs/20260407-182647-435d3656037a4769aca0ba133705db70.err
 create mode 100644 .logs/20260407-182647-435d3656037a4769aca0ba133705db70.out
 create mode 100644 .logs/20260407-182647-f8dfadd09e2e45a8b3a273b05f7bb69e.err
 create mode 100644 .logs/20260407-182647-f8dfadd09e2e45a8b3a273b05f7bb69e.out
 create mode 100644 .logs/20260407-182647-f8dfadd09e2e45a8b3a273b05f7bb69e.retcode
 create mode 100644 .logs/20260407-182708-43b08d38265b4f37ac536bc7515a1bc0.err
 create mode 100644 .logs/20260407-182708-43b08d38265b4f37ac536bc7515a1bc0.out
 create mode 100644 .logs/20260407-182708-43b08d38265b4f37ac536bc7515a1bc0.retcode
 create mode 100644 .logs/20260407-182721-6639a7805417451f85b8173bd9cbc679.err
 create mode 100644 .logs/20260407-182721-6639a7805417451f85b8173bd9cbc679.out
###8e05cf8ec134cccb3d5f03f7614b70a20c4bfe1e###
