[main 468fe44] Fix dist main.js path Dockerfile
 31 files changed, 392 insertions(+), 1 deletion(-)
 create mode 100644 .logs/20260413-023639-7f7f9725a32c4888aa2f543a041f6b3f.retcode
 create mode 100644 .logs/20260413-034107-f39de7a245d140dab390351d3c7b409e.err
 create mode 100644 .logs/20260413-034107-f39de7a245d140dab390351d3c7b409e.out
 create mode 100644 .logs/20260413-034107-f39de7a245d140dab390351d3c7b409e.retcode
 create mode 100644 .logs/20260413-034130-02f826048bdb4a459467823a7ccd3d12.err
 create mode 100644 .logs/20260413-034130-02f826048bdb4a459467823a7ccd3d12.out
 create mode 100644 .logs/20260413-034130-02f826048bdb4a459467823a7ccd3d12.retcode
 create mode 100644 .logs/20260413-034130-22818627d0384a2ca289e56db7317fae.err
 create mode 100644 .logs/20260413-034130-22818627d0384a2ca289e56db7317fae.out
 create mode 100644 .logs/20260413-034130-22818627d0384a2ca289e56db7317fae.retcode
 create mode 100644 .logs/20260413-034130-229edd4bc3fd401bb096e23a30281264.err
 create mode 100644 .logs/20260413-034130-229edd4bc3fd401bb096e23a30281264.out
 create mode 100644 .logs/20260413-034130-229edd4bc3fd401bb096e23a30281264.retcode
 create mode 100644 .logs/20260413-034130-89d2136223554be29d4db0e7e55bbd46.err
 create mode 100644 .logs/20260413-034130-89d2136223554be29d4db0e7e55bbd46.out
 create mode 100644 .logs/20260413-034130-89d2136223554be29d4db0e7e55bbd46.retcode
 create mode 100644 .logs/20260413-034131-ba7d9d82bdb44ca6a643b4f4468a2a52.err
 create mode 100644 .logs/20260413-034131-ba7d9d82bdb44ca6a643b4f4468a2a52.out
 create mode 100644 .logs/20260413-034131-ba7d9d82bdb44ca6a643b4f4468a2a52.retcode
 create mode 100644 .logs/20260413-034135-26d45586e01b4545b33e9f923ebfe6cd.err
 create mode 100644 .logs/20260413-034135-26d45586e01b4545b33e9f923ebfe6cd.out
 create mode 100644 .logs/20260413-034135-26d45586e01b4545b33e9f923ebfe6cd.retcode
 create mode 100644 .logs/20260413-034135-63d4964071c44cbea898ea7882646f9a.err
 create mode 100644 .logs/20260413-034135-63d4964071c44cbea898ea7882646f9a.out
 create mode 100644 .logs/20260413-034155-3941cc1c92a7403e807e2c90d467c7f0.err
 create mode 100644 .logs/20260413-034155-3941cc1c92a7403e807e2c90d467c7f0.out
 create mode 100644 .logs/20260413-034155-3941cc1c92a7403e807e2c90d467c7f0.retcode
 create mode 100644 .logs/20260413-034217-de5b7e1417f14227a19ad2b8bac924f2.err
 create mode 100644 .logs/20260413-034217-de5b7e1417f14227a19ad2b8bac924f2.out
###468fe4435bf8b004548c9a3247b430e447b384ca###
