[2J[3J[H[[90m3:58:07 PM[0m] Starting compilation in watch mode...

[[90m3:58:09 PM[0m] Found 0 errors. Watching for file changes.

[32m[Nest] 1369  - [39m04/08/2026, 3:58:09 PM [32m    LOG[39m [38;5;3m[NestFactory] [39m[32mStarting Nest application...[39m
[32m[Nest] 1369  - [39m04/08/2026, 3:58:09 PM [32m    LOG[39m [38;5;3m[InstanceLoader] [39m[32mConfigHostModule dependencies initialized[39m[38;5;3m +12ms[39m
[32m[Nest] 1369  - [39m04/08/2026, 3:58:09 PM [32m    LOG[39m [38;5;3m[InstanceLoader] [39m[32mAppModule dependencies initialized[39m[38;5;3m +1ms[39m
[32m[Nest] 1369  - [39m04/08/2026, 3:58:09 PM [32m    LOG[39m [38;5;3m[InstanceLoader] [39m[32mConfigModule dependencies initialized[39m[38;5;3m +0ms[39m
[32m[Nest] 1369  - [39m04/08/2026, 3:58:09 PM [32m    LOG[39m [38;5;3m[InstanceLoader] [39m[32mTurnosModule dependencies initialized[39m[38;5;3m +0ms[39m
[32m[Nest] 1369  - [39m04/08/2026, 3:58:09 PM [32m    LOG[39m [38;5;3m[InstanceLoader] [39m[32mEstadoModule dependencies initialized[39m[38;5;3m +0ms[39m
[32m[Nest] 1369  - [39m04/08/2026, 3:58:09 PM [32m    LOG[39m [38;5;3m[InstanceLoader] [39m[32mAlarmModule dependencies initialized[39m[38;5;3m +0ms[39m
[32m[Nest] 1369  - [39m04/08/2026, 3:58:09 PM [32m    LOG[39m [38;5;3m[InstanceLoader] [39m[32mComandoVozModule dependencies initialized[39m[38;5;3m +0ms[39m
[32m[Nest] 1369  - [39m04/08/2026, 3:58:09 PM [32m    LOG[39m [38;5;3m[InstanceLoader] [39m[32mBloqueoModule dependencies initialized[39m[38;5;3m +0ms[39m
[32m[Nest] 1369  - [39m04/08/2026, 3:58:09 PM [32m    LOG[39m [38;5;3m[InstanceLoader] [39m[32mWebhookModule dependencies initialized[39m[38;5;3m +0ms[39m
[32m[Nest] 1369  - [39m04/08/2026, 3:58:09 PM [32m    LOG[39m [38;5;3m[RoutesResolver] [39m[32mAppController {/}:[39m[38;5;3m +154ms[39m
[32m[Nest] 1369  - [39m04/08/2026, 3:58:09 PM [32m    LOG[39m [38;5;3m[RouterExplorer] [39m[32mMapped {/, GET} route[39m[38;5;3m +2ms[39m
[32m[Nest] 1369  - [39m04/08/2026, 3:58:09 PM [32m    LOG[39m [38;5;3m[RoutesResolver] [39m[32mTurnosController {/api/turnos}:[39m[38;5;3m +0ms[39m
[32m[Nest] 1369  - [39m04/08/2026, 3:58:09 PM [32m    LOG[39m [38;5;3m[RouterExplorer] [39m[32mMapped {/api/turnos, POST} route[39m[38;5;3m +0ms[39m
[32m[Nest] 1369  - [39m04/08/2026, 3:58:09 PM [32m    LOG[39m [38;5;3m[RouterExplorer] [39m[32mMapped {/api/turnos/:usuarioId/analizar, GET} route[39m[38;5;3m +0ms[39m
[32m[Nest] 1369  - [39m04/08/2026, 3:58:09 PM [32m    LOG[39m [38;5;3m[RouterExplorer] [39m[32mMapped {/api/turnos/:usuarioId, GET} route[39m[38;5;3m +1ms[39m
[32m[Nest] 1369  - [39m04/08/2026, 3:58:09 PM [32m    LOG[39m [38;5;3m[RoutesResolver] [39m[32mBloqueoController {/api/bloqueo}:[39m[38;5;3m +0ms[39m
[32m[Nest] 1369  - [39m04/08/2026, 3:58:09 PM [32m    LOG[39m [38;5;3m[RouterExplorer] [39m[32mMapped {/api/bloqueo, POST} route[39m[38;5;3m +0ms[39m
[32m[Nest] 1369  - [39m04/08/2026, 3:58:09 PM [32m    LOG[39m [38;5;3m[RouterExplorer] [39m[32mMapped {/api/bloqueo/:bloqueoId, DELETE} route[39m[38;5;3m +2ms[39m
[32m[Nest] 1369  - [39m04/08/2026, 3:58:09 PM [32m    LOG[39m [38;5;3m[RouterExplorer] [39m[32mMapped {/api/bloqueo/:usuarioId/activos, GET} route[39m[38;5;3m +1ms[39m
[32m[Nest] 1369  - [39m04/08/2026, 3:58:09 PM [32m    LOG[39m [38;5;3m[RoutesResolver] [39m[32mWebhookController {/api/webhook}:[39m[38;5;3m +0ms[39m
[32m[Nest] 1369  - [39m04/08/2026, 3:58:09 PM [32m    LOG[39m [38;5;3m[RouterExplorer] [39m[32mMapped {/api/webhook/tasker, POST} route[39m[38;5;3m +0ms[39m
[32m[Nest] 1369  - [39m04/08/2026, 3:58:09 PM [32m    LOG[39m [38;5;3m[RouterExplorer] [39m[32mMapped {/api/webhook/tasker/estado/:bloqueoId, GET} route[39m[38;5;3m +0ms[39m
[32m[Nest] 1369  - [39m04/08/2026, 3:58:09 PM [32m    LOG[39m [38;5;3m[RoutesResolver] [39m[32mEstadoController {/api/estado}:[39m[38;5;3m +0ms[39m
[32m[Nest] 1369  - [39m04/08/2026, 3:58:09 PM [32m    LOG[39m [38;5;3m[RouterExplorer] [39m[32mMapped {/api/estado/:usuarioId, GET} route[39m[38;5;3m +1ms[39m
[32m[Nest] 1369  - [39m04/08/2026, 3:58:09 PM [32m    LOG[39m [38;5;3m[RouterExplorer] [39m[32mMapped {/api/estado/:usuarioId/bloqueos, GET} route[39m[38;5;3m +0ms[39m
[32m[Nest] 1369  - [39m04/08/2026, 3:58:09 PM [32m    LOG[39m [38;5;3m[RouterExplorer] [39m[32mMapped {/api/estado/:usuarioId/turnos, GET} route[39m[38;5;3m +0ms[39m
[32m[Nest] 1369  - [39m04/08/2026, 3:58:09 PM [32m    LOG[39m [38;5;3m[RouterExplorer] [39m[32mMapped {/api/estado/sitios/bloqueados, GET} route[39m[38;5;3m +0ms[39m
[32m[Nest] 1369  - [39m04/08/2026, 3:58:09 PM [32m    LOG[39m [38;5;3m[RoutesResolver] [39m[32mComandoVozController {/api/comando-voz}:[39m[38;5;3m +0ms[39m
[32m[Nest] 1369  - [39m04/08/2026, 3:58:09 PM [32m    LOG[39m [38;5;3m[RouterExplorer] [39m[32mMapped {/api/comando-voz, POST} route[39m[38;5;3m +0ms[39m
[32m[Nest] 1369  - [39m04/08/2026, 3:58:09 PM [32m    LOG[39m [38;5;3m[RoutesResolver] [39m[32mAlarmController {/api/alarmas}:[39m[38;5;3m +0ms[39m
[32m[Nest] 1369  - [39m04/08/2026, 3:58:09 PM [32m    LOG[39m [38;5;3m[RouterExplorer] [39m[32mMapped {/api/alarmas, POST} route[39m[38;5;3m +0ms[39m
[32m[Nest] 1369  - [39m04/08/2026, 3:58:09 PM [32m    LOG[39m [38;5;3m[RouterExplorer] [39m[32mMapped {/api/alarmas/pendientes/:usuarioId, GET} route[39m[38;5;3m +0ms[39m
[32m[Nest] 1369  - [39m04/08/2026, 3:58:09 PM [32m    LOG[39m [38;5;3m[RouterExplorer] [39m[32mMapped {/api/alarmas/:id, DELETE} route[39m[38;5;3m +0ms[39m
[32m[Nest] 1369  - [39m04/08/2026, 3:58:09 PM [32m    LOG[39m [38;5;3m[RouterExplorer] [39m[32mMapped {/api/alarmas/verificar, GET} route[39m[38;5;3m +0ms[39m
[32m[Nest] 1369  - [39m04/08/2026, 3:58:10 PM [32m    LOG[39m [38;5;3m[NestApplication] [39m[32mNest application successfully started[39m[38;5;3m +310ms[39m
✅ ARGOS Backend running on http://0.0.0.0:3000
📚 API Documentation: http://localhost:3000/api-docs
[2J[3J[H[[90m4:10:23 PM[0m] File change detected. Starting incremental compilation...

[96msrc/intelligence/intelligence.module.ts[0m:[93m4[0m:[93m30[0m - [91merror[0m[90m TS2307: [0mCannot find module '../prisma/prisma.module' or its corresponding type declarations.

[7m4[0m import { PrismaModule } from '../prisma/prisma.module';
[7m [0m [91m                             ~~~~~~~~~~~~~~~~~~~~~~~~~[0m

[96msrc/intelligence/intelligence.service.ts[0m:[93m11[0m:[93m5[0m - [91merror[0m[90m TS2322: [0mType 'string | undefined' is not assignable to type 'string'.
  Type 'undefined' is not assignable to type 'string'.

[7m11[0m     this.apiKey = this.configService.get<string>('ABACUSAI_API_KEY');
[7m  [0m [91m    ~~~~~~~~~~~[0m

[[90m4:10:23 PM[0m] Found 2 errors. Watching for file changes.

[2J[3J[H[[90m4:10:41 PM[0m] File change detected. Starting incremental compilation...

[96msrc/intelligence/intelligence.module.ts[0m:[93m4[0m:[93m30[0m - [91merror[0m[90m TS2307: [0mCannot find module '../prisma/prisma.module' or its corresponding type declarations.

[7m4[0m import { PrismaModule } from '../prisma/prisma.module';
[7m [0m [91m                             ~~~~~~~~~~~~~~~~~~~~~~~~~[0m

[96msrc/intelligence/intelligence.service.ts[0m:[93m11[0m:[93m5[0m - [91merror[0m[90m TS2322: [0mType 'string | undefined' is not assignable to type 'string'.
  Type 'undefined' is not assignable to type 'string'.

[7m11[0m     this.apiKey = this.configService.get<string>('ABACUSAI_API_KEY');
[7m  [0m [91m    ~~~~~~~~~~~[0m

[[90m4:10:41 PM[0m] Found 2 errors. Watching for file changes.

[2J[3J[H[[90m4:11:00 PM[0m] File change detected. Starting incremental compilation...

[96msrc/intelligence/intelligence.service.ts[0m:[93m11[0m:[93m5[0m - [91merror[0m[90m TS2322: [0mType 'string | undefined' is not assignable to type 'string'.
  Type 'undefined' is not assignable to type 'string'.

[7m11[0m     this.apiKey = this.configService.get<string>('ABACUSAI_API_KEY');
[7m  [0m [91m    ~~~~~~~~~~~[0m

[[90m4:11:00 PM[0m] Found 1 error. Watching for file changes.

[2J[3J[H[[90m4:11:08 PM[0m] File change detected. Starting incremental compilation...

[[90m4:11:08 PM[0m] Found 0 errors. Watching for file changes.

[32m[Nest] 1781  - [39m04/08/2026, 4:11:08 PM [32m    LOG[39m [38;5;3m[NestFactory] [39m[32mStarting Nest application...[39m
[32m[Nest] 1781  - [39m04/08/2026, 4:11:08 PM [32m    LOG[39m [38;5;3m[InstanceLoader] [39m[32mConfigHostModule dependencies initialized[39m[38;5;3m +12ms[39m
[32m[Nest] 1781  - [39m04/08/2026, 4:11:08 PM [32m    LOG[39m [38;5;3m[InstanceLoader] [39m[32mAppModule dependencies initialized[39m[38;5;3m +0ms[39m
[32m[Nest] 1781  - [39m04/08/2026, 4:11:08 PM [32m    LOG[39m [38;5;3m[InstanceLoader] [39m[32mConfigModule dependencies initialized[39m[38;5;3m +0ms[39m
[32m[Nest] 1781  - [39m04/08/2026, 4:11:08 PM [32m    LOG[39m [38;5;3m[InstanceLoader] [39m[32mTurnosModule dependencies initialized[39m[38;5;3m +1ms[39m
[32m[Nest] 1781  - [39m04/08/2026, 4:11:08 PM [32m    LOG[39m [38;5;3m[InstanceLoader] [39m[32mEstadoModule dependencies initialized[39m[38;5;3m +0ms[39m
[32m[Nest] 1781  - [39m04/08/2026, 4:11:08 PM [32m    LOG[39m [38;5;3m[InstanceLoader] [39m[32mAlarmModule dependencies initialized[39m[38;5;3m +0ms[39m
[32m[Nest] 1781  - [39m04/08/2026, 4:11:08 PM [32m    LOG[39m [38;5;3m[InstanceLoader] [39m[32mComandoVozModule dependencies initialized[39m[38;5;3m +0ms[39m
[32m[Nest] 1781  - [39m04/08/2026, 4:11:08 PM [32m    LOG[39m [38;5;3m[InstanceLoader] [39m[32mBloqueoModule dependencies initialized[39m[38;5;3m +0ms[39m
[32m[Nest] 1781  - [39m04/08/2026, 4:11:08 PM [32m    LOG[39m [38;5;3m[InstanceLoader] [39m[32mWebhookModule dependencies initialized[39m[38;5;3m +0ms[39m
[32m[Nest] 1781  - [39m04/08/2026, 4:11:08 PM [32m    LOG[39m [38;5;3m[InstanceLoader] [39m[32mIntelligenceModule dependencies initialized[39m[38;5;3m +0ms[39m
[32m[Nest] 1781  - [39m04/08/2026, 4:11:08 PM [32m    LOG[39m [38;5;3m[RoutesResolver] [39m[32mAppController {/}:[39m[38;5;3m +159ms[39m
[32m[Nest] 1781  - [39m04/08/2026, 4:11:08 PM [32m    LOG[39m [38;5;3m[RouterExplorer] [39m[32mMapped {/, GET} route[39m[38;5;3m +2ms[39m
[32m[Nest] 1781  - [39m04/08/2026, 4:11:08 PM [32m    LOG[39m [38;5;3m[RoutesResolver] [39m[32mTurnosController {/api/turnos}:[39m[38;5;3m +0ms[39m
[32m[Nest] 1781  - [39m04/08/2026, 4:11:08 PM [32m    LOG[39m [38;5;3m[RouterExplorer] [39m[32mMapped {/api/turnos, POST} route[39m[38;5;3m +0ms[39m
[32m[Nest] 1781  - [39m04/08/2026, 4:11:08 PM [32m    LOG[39m [38;5;3m[RouterExplorer] [39m[32mMapped {/api/turnos/:usuarioId/analizar, GET} route[39m[38;5;3m +1ms[39m
[32m[Nest] 1781  - [39m04/08/2026, 4:11:08 PM [32m    LOG[39m [38;5;3m[RouterExplorer] [39m[32mMapped {/api/turnos/:usuarioId, GET} route[39m[38;5;3m +0ms[39m
[32m[Nest] 1781  - [39m04/08/2026, 4:11:08 PM [32m    LOG[39m [38;5;3m[RoutesResolver] [39m[32mBloqueoController {/api/bloqueo}:[39m[38;5;3m +0ms[39m
[32m[Nest] 1781  - [39m04/08/2026, 4:11:08 PM [32m    LOG[39m [38;5;3m[RouterExplorer] [39m[32mMapped {/api/bloqueo, POST} route[39m[38;5;3m +0ms[39m
[32m[Nest] 1781  - [39m04/08/2026, 4:11:08 PM [32m    LOG[39m [38;5;3m[RouterExplorer] [39m[32mMapped {/api/bloqueo/:bloqueoId, DELETE} route[39m[38;5;3m +0ms[39m
[32m[Nest] 1781  - [39m04/08/2026, 4:11:08 PM [32m    LOG[39m [38;5;3m[RouterExplorer] [39m[32mMapped {/api/bloqueo/:usuarioId/activos, GET} route[39m[38;5;3m +1ms[39m
[32m[Nest] 1781  - [39m04/08/2026, 4:11:08 PM [32m    LOG[39m [38;5;3m[RoutesResolver] [39m[32mWebhookController {/api/webhook}:[39m[38;5;3m +0ms[39m
[32m[Nest] 1781  - [39m04/08/2026, 4:11:08 PM [32m    LOG[39m [38;5;3m[RouterExplorer] [39m[32mMapped {/api/webhook/tasker, POST} route[39m[38;5;3m +0ms[39m
[32m[Nest] 1781  - [39m04/08/2026, 4:11:08 PM [32m    LOG[39m [38;5;3m[RouterExplorer] [39m[32mMapped {/api/webhook/tasker/estado/:bloqueoId, GET} route[39m[38;5;3m +0ms[39m
[32m[Nest] 1781  - [39m04/08/2026, 4:11:08 PM [32m    LOG[39m [38;5;3m[RoutesResolver] [39m[32mEstadoController {/api/estado}:[39m[38;5;3m +0ms[39m
[32m[Nest] 1781  - [39m04/08/2026, 4:11:08 PM [32m    LOG[39m [38;5;3m[RouterExplorer] [39m[32mMapped {/api/estado/:usuarioId, GET} route[39m[38;5;3m +0ms[39m
[32m[Nest] 1781  - [39m04/08/2026, 4:11:08 PM [32m    LOG[39m [38;5;3m[RouterExplorer] [39m[32mMapped {/api/estado/:usuarioId/bloqueos, GET} route[39m[38;5;3m +0ms[39m
[32m[Nest] 1781  - [39m04/08/2026, 4:11:08 PM [32m    LOG[39m [38;5;3m[RouterExplorer] [39m[32mMapped {/api/estado/:usuarioId/turnos, GET} route[39m[38;5;3m +0ms[39m
[32m[Nest] 1781  - [39m04/08/2026, 4:11:08 PM [32m    LOG[39m [38;5;3m[RouterExplorer] [39m[32mMapped {/api/estado/sitios/bloqueados, GET} route[39m[38;5;3m +1ms[39m
[32m[Nest] 1781  - [39m04/08/2026, 4:11:08 PM [32m    LOG[39m [38;5;3m[RoutesResolver] [39m[32mComandoVozController {/api/comando-voz}:[39m[38;5;3m +0ms[39m
[32m[Nest] 1781  - [39m04/08/2026, 4:11:08 PM [32m    LOG[39m [38;5;3m[RouterExplorer] [39m[32mMapped {/api/comando-voz, POST} route[39m[38;5;3m +0ms[39m
[32m[Nest] 1781  - [39m04/08/2026, 4:11:08 PM [32m    LOG[39m [38;5;3m[RoutesResolver] [39m[32mAlarmController {/api/alarmas}:[39m[38;5;3m +0ms[39m
[32m[Nest] 1781  - [39m04/08/2026, 4:11:08 PM [32m    LOG[39m [38;5;3m[RouterExplorer] [39m[32mMapped {/api/alarmas, POST} route[39m[38;5;3m +0ms[39m
[32m[Nest] 1781  - [39m04/08/2026, 4:11:08 PM [32m    LOG[39m [38;5;3m[RouterExplorer] [39m[32mMapped {/api/alarmas/pendientes/:usuarioId, GET} route[39m[38;5;3m +0ms[39m
[32m[Nest] 1781  - [39m04/08/2026, 4:11:08 PM [32m    LOG[39m [38;5;3m[RouterExplorer] [39m[32mMapped {/api/alarmas/:id, DELETE} route[39m[38;5;3m +0ms[39m
[32m[Nest] 1781  - [39m04/08/2026, 4:11:08 PM [32m    LOG[39m [38;5;3m[RouterExplorer] [39m[32mMapped {/api/alarmas/verificar, GET} route[39m[38;5;3m +0ms[39m
[32m[Nest] 1781  - [39m04/08/2026, 4:11:08 PM [32m    LOG[39m [38;5;3m[RoutesResolver] [39m[32mIntelligenceController {/api/v1/intelligence}:[39m[38;5;3m +0ms[39m
[32m[Nest] 1781  - [39m04/08/2026, 4:11:08 PM [32m    LOG[39m [38;5;3m[RouterExplorer] [39m[32mMapped {/api/v1/intelligence/search, POST} route[39m[38;5;3m +0ms[39m
[32m[Nest] 1781  - [39m04/08/2026, 4:11:08 PM [32m    LOG[39m [38;5;3m[RouterExplorer] [39m[32mMapped {/api/v1/intelligence/answer, POST} route[39m[38;5;3m +0ms[39m
[32m[Nest] 1781  - [39m04/08/2026, 4:11:08 PM [32m    LOG[39m [38;5;3m[RouterExplorer] [39m[32mMapped {/api/v1/intelligence/chat, POST} route[39m[38;5;3m +0ms[39m
[32m[Nest] 1781  - [39m04/08/2026, 4:11:08 PM [32m    LOG[39m [38;5;3m[NestApplication] [39m[32mNest application successfully started[39m[38;5;3m +323ms[39m
✅ ARGOS Backend running on http://0.0.0.0:3000
📚 API Documentation: http://localhost:3000/api-docs
[32m[Nest] 1781  - [39m04/08/2026, 4:11:25 PM [32m    LOG[39m [38;5;3m[IntelligenceService] [39m[32mAnswering question: ¿Qué es 2+2? (web search: false)[39m
[32m[Nest] 1781  - [39m04/08/2026, 4:11:27 PM [32m    LOG[39m [38;5;3m[IntelligenceService] [39m[32mQuestion answered successfully[39m
[32m[Nest] 1781  - [39m04/08/2026, 4:11:32 PM [32m    LOG[39m [38;5;3m[IntelligenceService] [39m[32mSearching web for: ¿Cuál es la temperatura promedio en Bogotá?[39m
[32m[Nest] 1781  - [39m04/08/2026, 4:11:35 PM [32m    LOG[39m [38;5;3m[IntelligenceService] [39m[32mWeb search completed successfully[39m
