[main 99ff6df] Profile PC bridge and client
 28 files changed, 205 insertions(+), 1 deletion(-)
 create mode 100644 .logs/20260414-235822-0943cedb5dcd44739b97fdc70d36638f.retcode
 create mode 100644 .logs/20260415-000530-86229438a3fe4dab84126997329642b1.err
 create mode 100644 .logs/20260415-000530-86229438a3fe4dab84126997329642b1.out
 create mode 100644 .logs/20260415-000530-86229438a3fe4dab84126997329642b1.retcode
 create mode 100644 .logs/20260415-000530-e396702b1dac443b8f9de0489ede9ad9.err
 create mode 100644 .logs/20260415-000530-e396702b1dac443b8f9de0489ede9ad9.out
 create mode 100644 .logs/20260415-000530-e396702b1dac443b8f9de0489ede9ad9.retcode
 create mode 100644 .logs/20260415-000530-f46a4a7dc3ee4e2f9552cb374e14a70c.err
 create mode 100644 .logs/20260415-000530-f46a4a7dc3ee4e2f9552cb374e14a70c.out
 create mode 100644 .logs/20260415-000530-f46a4a7dc3ee4e2f9552cb374e14a70c.retcode
 create mode 100644 .logs/20260415-000531-945d41ee79c24e1d8cef260b1dcb1b54.err
 create mode 100644 .logs/20260415-000531-945d41ee79c24e1d8cef260b1dcb1b54.out
 create mode 100644 .logs/20260415-000531-945d41ee79c24e1d8cef260b1dcb1b54.retcode
 create mode 100644 .logs/20260415-000531-df3c76ac6a3b40f5b3e737041eac1d02.err
 create mode 100644 .logs/20260415-000531-df3c76ac6a3b40f5b3e737041eac1d02.out
 create mode 100644 .logs/20260415-000531-df3c76ac6a3b40f5b3e737041eac1d02.retcode
 create mode 100644 .logs/20260415-000535-ae558b798fd44673b7c34f2822f8c024.err
 create mode 100644 .logs/20260415-000535-ae558b798fd44673b7c34f2822f8c024.out
 create mode 100644 .logs/20260415-000536-3f3d06d731e4413fb292f9c4bab29eac.err
 create mode 100644 .logs/20260415-000536-3f3d06d731e4413fb292f9c4bab29eac.out
 create mode 100644 .logs/20260415-000536-3f3d06d731e4413fb292f9c4bab29eac.retcode
 create mode 100644 .logs/20260415-000557-db5a416490e74aa2bf7a81c9909f6977.err
 create mode 100644 .logs/20260415-000557-db5a416490e74aa2bf7a81c9909f6977.out
 create mode 100644 .logs/20260415-000557-db5a416490e74aa2bf7a81c9909f6977.retcode
 create mode 100644 .logs/20260415-000608-e27a01ef46724b88a4ff45a6667a08c8.err
 create mode 100644 .logs/20260415-000608-e27a01ef46724b88a4ff45a6667a08c8.out
###99ff6df3f49452a7c036492d719e95d6a7f701ca###
