[main 983d90d] Phase 2: Music, Content Filter, GPS Navigation
 28 files changed, 105 insertions(+), 8051 deletions(-)
 create mode 100644 .logs/20260408-173328-4697b52a603346e0acddaaa6ecee22dd.retcode
 create mode 100644 .logs/20260408-174619-42cfc88b00a0483694e408f1a7e7c3af.err
 create mode 100644 .logs/20260408-174619-42cfc88b00a0483694e408f1a7e7c3af.out
 create mode 100644 .logs/20260408-174619-42cfc88b00a0483694e408f1a7e7c3af.retcode
 create mode 100644 .logs/20260408-174619-45e21cfc70b9457aa004ad2e2f0ba0ff.err
 create mode 100644 .logs/20260408-174619-45e21cfc70b9457aa004ad2e2f0ba0ff.out
 create mode 100644 .logs/20260408-174619-45e21cfc70b9457aa004ad2e2f0ba0ff.retcode
 create mode 100644 .logs/20260408-174619-743cbb92d75246e78f719d3644ef63ce.err
 create mode 100644 .logs/20260408-174619-743cbb92d75246e78f719d3644ef63ce.out
 create mode 100644 .logs/20260408-174619-743cbb92d75246e78f719d3644ef63ce.retcode
 create mode 100644 .logs/20260408-174619-8e510b9b55e340c9b2acb3a09510b819.err
 create mode 100644 .logs/20260408-174619-8e510b9b55e340c9b2acb3a09510b819.out
 create mode 100644 .logs/20260408-174619-8e510b9b55e340c9b2acb3a09510b819.retcode
 create mode 100644 .logs/20260408-174619-e78789f76e4044ccbc44b1019efcd77b.err
 create mode 100644 .logs/20260408-174619-e78789f76e4044ccbc44b1019efcd77b.out
 create mode 100644 .logs/20260408-174619-e78789f76e4044ccbc44b1019efcd77b.retcode
 create mode 100644 .logs/20260408-174623-c235eb40ebe4413988680ca0f601977d.err
 create mode 100644 .logs/20260408-174623-c235eb40ebe4413988680ca0f601977d.out
 create mode 100644 .logs/20260408-174624-8315b4f6951e413d8868b6b47c514c26.err
 create mode 100644 .logs/20260408-174624-8315b4f6951e413d8868b6b47c514c26.out
 create mode 100644 .logs/20260408-174624-8315b4f6951e413d8868b6b47c514c26.retcode
 create mode 100644 .logs/20260408-174643-87be1251e5314f42a43cfda5c730d65f.err
 create mode 100644 .logs/20260408-174643-87be1251e5314f42a43cfda5c730d65f.out
 create mode 100644 .logs/20260408-174643-87be1251e5314f42a43cfda5c730d65f.retcode
 create mode 100644 .logs/20260408-174716-58221364d25f4eb3881621a9710b8af0.err
 create mode 100644 .logs/20260408-174716-58221364d25f4eb3881621a9710b8af0.out
 mode change 100644 => 120000 nodejs_space/yarn.lock
###983d90dff35db91792fb46d005d86dda0338db2b###
