[main 2f5ef02] Fix Docker runtime DATABASE_URL handling
 30 files changed, 218 insertions(+), 1 deletion(-)
 create mode 100644 .logs/20260413-034715-6664bacf5ac44b0dae21d87a0807d1be.retcode
 create mode 100644 .logs/20260413-034750-7234c716e83243638b65a61f96e80599.retcode
 create mode 100644 .logs/20260413-035735-deb1a1473d2f49baa4f6df750a2516cd.err
 create mode 100644 .logs/20260413-035735-deb1a1473d2f49baa4f6df750a2516cd.out
 create mode 100644 .logs/20260413-035735-deb1a1473d2f49baa4f6df750a2516cd.retcode
 create mode 100644 .logs/20260413-035736-2591f02aba8c44188451107ef246ca69.err
 create mode 100644 .logs/20260413-035736-2591f02aba8c44188451107ef246ca69.out
 create mode 100644 .logs/20260413-035736-2591f02aba8c44188451107ef246ca69.retcode
 create mode 100644 .logs/20260413-035736-2a3f701b7fcc45a58e89392dc03388b9.err
 create mode 100644 .logs/20260413-035736-2a3f701b7fcc45a58e89392dc03388b9.out
 create mode 100644 .logs/20260413-035736-2a3f701b7fcc45a58e89392dc03388b9.retcode
 create mode 100644 .logs/20260413-035736-643ba6b7b4754b5c8bd51c233bf12c96.err
 create mode 100644 .logs/20260413-035736-643ba6b7b4754b5c8bd51c233bf12c96.out
 create mode 100644 .logs/20260413-035736-643ba6b7b4754b5c8bd51c233bf12c96.retcode
 create mode 100644 .logs/20260413-035736-799d091243fa4ea78b75ab0e7c003301.err
 create mode 100644 .logs/20260413-035736-799d091243fa4ea78b75ab0e7c003301.out
 create mode 100644 .logs/20260413-035736-799d091243fa4ea78b75ab0e7c003301.retcode
 create mode 100644 .logs/20260413-035740-5a486369d1fe46bcb65eebb400f4ca1d.err
 create mode 100644 .logs/20260413-035740-5a486369d1fe46bcb65eebb400f4ca1d.out
 create mode 100644 .logs/20260413-035740-cd0063615e3341318566e7275335fbd5.err
 create mode 100644 .logs/20260413-035740-cd0063615e3341318566e7275335fbd5.out
 create mode 100644 .logs/20260413-035740-cd0063615e3341318566e7275335fbd5.retcode
 create mode 100644 .logs/20260413-035801-55cd8daddc05408893136d41375799fe.err
 create mode 100644 .logs/20260413-035801-55cd8daddc05408893136d41375799fe.out
 create mode 100644 .logs/20260413-035801-55cd8daddc05408893136d41375799fe.retcode
 create mode 100644 .logs/20260413-035819-d333ec74f8ad4709b18f96f9f697ee6f.err
 create mode 100644 .logs/20260413-035819-d333ec74f8ad4709b18f96f9f697ee6f.out
###2f5ef025ade052eccae6c69ccb3805f0e7bbece0###
