[main 6c8f8a4] Remove problematic symlinks for Docker
 29 files changed, 221 insertions(+), 8051 deletions(-)
 create mode 100644 .logs/20260413-011633-d066fcddab334c7ca50c8cb571bd6fcd.retcode
 create mode 100644 .logs/20260413-012007-69712757c5ed4d8899cb7ad067d9def3.err
 create mode 100644 .logs/20260413-012007-69712757c5ed4d8899cb7ad067d9def3.out
 create mode 100644 .logs/20260413-012007-69712757c5ed4d8899cb7ad067d9def3.retcode
 create mode 100644 .logs/20260413-012007-98b6514232404fe5b963d689419ba6e7.err
 create mode 100644 .logs/20260413-012007-98b6514232404fe5b963d689419ba6e7.out
 create mode 100644 .logs/20260413-012007-98b6514232404fe5b963d689419ba6e7.retcode
 create mode 100644 .logs/20260413-012007-aa9a7b9990154548af0e7975fd4a94a3.err
 create mode 100644 .logs/20260413-012007-aa9a7b9990154548af0e7975fd4a94a3.out
 create mode 100644 .logs/20260413-012007-aa9a7b9990154548af0e7975fd4a94a3.retcode
 create mode 100644 .logs/20260413-012009-73cb669e9bce432e85d7b4b810e3d7c8.err
 create mode 100644 .logs/20260413-012009-73cb669e9bce432e85d7b4b810e3d7c8.out
 create mode 100644 .logs/20260413-012009-73cb669e9bce432e85d7b4b810e3d7c8.retcode
 create mode 100644 .logs/20260413-012009-d0fc46879b654748b884c9f108e92d41.err
 create mode 100644 .logs/20260413-012009-d0fc46879b654748b884c9f108e92d41.out
 create mode 100644 .logs/20260413-012009-d0fc46879b654748b884c9f108e92d41.retcode
 create mode 100644 .logs/20260413-012014-184a2a7862994ae3be13372e8d5fb05f.err
 create mode 100644 .logs/20260413-012014-184a2a7862994ae3be13372e8d5fb05f.out
 create mode 100644 .logs/20260413-012014-184a2a7862994ae3be13372e8d5fb05f.retcode
 create mode 100644 .logs/20260413-012014-8a2960da837f4b6fa194d0cd6855481d.err
 create mode 100644 .logs/20260413-012014-8a2960da837f4b6fa194d0cd6855481d.out
 create mode 100644 .logs/20260413-012034-c50e2b85991a46ecb6f0de24ea404f4d.err
 create mode 100644 .logs/20260413-012034-c50e2b85991a46ecb6f0de24ea404f4d.out
 create mode 100644 .logs/20260413-012034-c50e2b85991a46ecb6f0de24ea404f4d.retcode
 create mode 100644 .logs/20260413-012057-cee855c07d024b49a30f2356c55bd51e.err
 create mode 100644 .logs/20260413-012057-cee855c07d024b49a30f2356c55bd51e.out
 mode change 100644 => 120000 nodejs_space/yarn.lock
###6c8f8a493613b9f67d4c8b889f3632605161efdf###
