[main dd187ba] Auto-update and Screen Vision features
 27 files changed, 143 insertions(+), 8051 deletions(-)
 create mode 100644 .logs/20260409-150948-aeac44c5ad8c42edbef69ce1db00173d.err
 create mode 100644 .logs/20260409-150948-aeac44c5ad8c42edbef69ce1db00173d.out
 create mode 100644 .logs/20260409-150948-aeac44c5ad8c42edbef69ce1db00173d.retcode
 create mode 100644 .logs/20260409-150949-04fbee8307b04a87b554fbd88f706860.err
 create mode 100644 .logs/20260409-150949-04fbee8307b04a87b554fbd88f706860.out
 create mode 100644 .logs/20260409-150949-04fbee8307b04a87b554fbd88f706860.retcode
 create mode 100644 .logs/20260409-150949-3154ca179fe2460e81916e5521a63485.err
 create mode 100644 .logs/20260409-150949-3154ca179fe2460e81916e5521a63485.out
 create mode 100644 .logs/20260409-150949-3154ca179fe2460e81916e5521a63485.retcode
 create mode 100644 .logs/20260409-150949-9134bfc6339b46889da9b61da5b0411d.err
 create mode 100644 .logs/20260409-150949-9134bfc6339b46889da9b61da5b0411d.out
 create mode 100644 .logs/20260409-150949-9134bfc6339b46889da9b61da5b0411d.retcode
 create mode 100644 .logs/20260409-150949-9460182a4d774e5c8964208e143ba8c5.err
 create mode 100644 .logs/20260409-150949-9460182a4d774e5c8964208e143ba8c5.out
 create mode 100644 .logs/20260409-150949-9460182a4d774e5c8964208e143ba8c5.retcode
 create mode 100644 .logs/20260409-150953-92f91d833e4a44209a27f2b0de2cbebb.err
 create mode 100644 .logs/20260409-150953-92f91d833e4a44209a27f2b0de2cbebb.out
 create mode 100644 .logs/20260409-150953-b9d2d8108c2d4fc0b7022629c0b7d2e6.err
 create mode 100644 .logs/20260409-150953-b9d2d8108c2d4fc0b7022629c0b7d2e6.out
 create mode 100644 .logs/20260409-150953-b9d2d8108c2d4fc0b7022629c0b7d2e6.retcode
 create mode 100644 .logs/20260409-151014-a4b3bd56091b4a4e8e79b9ea898ff446.err
 create mode 100644 .logs/20260409-151014-a4b3bd56091b4a4e8e79b9ea898ff446.out
 create mode 100644 .logs/20260409-151014-a4b3bd56091b4a4e8e79b9ea898ff446.retcode
 create mode 100644 .logs/20260409-151143-309cc830edfe44e5866e95887f423d2b.err
 create mode 100644 .logs/20260409-151143-309cc830edfe44e5866e95887f423d2b.out
 mode change 100644 => 120000 nodejs_space/yarn.lock
###dd187ba95143b8699ebf045602adbaf319ac5216###
