[main 3243447] Fix Docker yarn.lock and config
 31 files changed, 220 insertions(+), 8051 deletions(-)
 create mode 100644 .logs/20260413-021006-c934583146b14ceea7594d0dcdf87611.retcode
 create mode 100644 .logs/20260413-021047-8622ea8336864d239c512ce3d21a0118.retcode
 create mode 100644 .logs/20260413-021513-d94fea3004b249dba2810e875c859401.err
 create mode 100644 .logs/20260413-021513-d94fea3004b249dba2810e875c859401.out
 create mode 100644 .logs/20260413-021513-d94fea3004b249dba2810e875c859401.retcode
 create mode 100644 .logs/20260413-021514-58048ad220b949bd90d1ecc14b854e45.err
 create mode 100644 .logs/20260413-021514-58048ad220b949bd90d1ecc14b854e45.out
 create mode 100644 .logs/20260413-021514-58048ad220b949bd90d1ecc14b854e45.retcode
 create mode 100644 .logs/20260413-021514-5bb6db6445ff46068ddb516954175874.err
 create mode 100644 .logs/20260413-021514-5bb6db6445ff46068ddb516954175874.out
 create mode 100644 .logs/20260413-021514-5bb6db6445ff46068ddb516954175874.retcode
 create mode 100644 .logs/20260413-021514-896ae090fe24448ca2436f7f12c4c6d2.err
 create mode 100644 .logs/20260413-021514-896ae090fe24448ca2436f7f12c4c6d2.out
 create mode 100644 .logs/20260413-021514-896ae090fe24448ca2436f7f12c4c6d2.retcode
 create mode 100644 .logs/20260413-021514-92d05b03bbde4b5eb5e821bfa3b11d05.err
 create mode 100644 .logs/20260413-021514-92d05b03bbde4b5eb5e821bfa3b11d05.out
 create mode 100644 .logs/20260413-021514-92d05b03bbde4b5eb5e821bfa3b11d05.retcode
 create mode 100644 .logs/20260413-021518-8b1a657801f547d6a77fcc2e1940c038.err
 create mode 100644 .logs/20260413-021518-8b1a657801f547d6a77fcc2e1940c038.out
 create mode 100644 .logs/20260413-021518-b2382443af114d9986c218afd5f55dd2.err
 create mode 100644 .logs/20260413-021518-b2382443af114d9986c218afd5f55dd2.out
 create mode 100644 .logs/20260413-021518-b2382443af114d9986c218afd5f55dd2.retcode
 create mode 100644 .logs/20260413-021539-46b9190eac364feb8591d9aa7c9e3d1f.err
 create mode 100644 .logs/20260413-021539-46b9190eac364feb8591d9aa7c9e3d1f.out
 create mode 100644 .logs/20260413-021539-46b9190eac364feb8591d9aa7c9e3d1f.retcode
 create mode 100644 .logs/20260413-021551-053ae5d38b724ef9af4e68bedaddc95a.err
 create mode 100644 .logs/20260413-021551-053ae5d38b724ef9af4e68bedaddc95a.out
 mode change 100644 => 120000 nodejs_space/yarn.lock
###32434471faba8ed637ddc08adac4c9e8b86eeae0###
