[main bec042b] Add Render deployment configuration
 31 files changed, 241 insertions(+), 1 deletion(-)
 create mode 100644 .logs/20260409-154352-ecea24f7d0a547de85a151ecee67d5f7.retcode
 create mode 100644 .logs/20260409-154637-cbea8bd73a7f4847a5ef1c2f24e70be2.retcode
 create mode 100644 .logs/20260409-155940-b266c38d198242cebb8614193700f23c.err
 create mode 100644 .logs/20260409-155940-b266c38d198242cebb8614193700f23c.out
 create mode 100644 .logs/20260409-155940-b266c38d198242cebb8614193700f23c.retcode
 create mode 100644 .logs/20260409-155941-48167dec6d3c408396292b8a62b32950.err
 create mode 100644 .logs/20260409-155941-48167dec6d3c408396292b8a62b32950.out
 create mode 100644 .logs/20260409-155941-48167dec6d3c408396292b8a62b32950.retcode
 create mode 100644 .logs/20260409-155941-59c4e44ad73f4b96865f5a3f6eacf9f8.err
 create mode 100644 .logs/20260409-155941-59c4e44ad73f4b96865f5a3f6eacf9f8.out
 create mode 100644 .logs/20260409-155941-59c4e44ad73f4b96865f5a3f6eacf9f8.retcode
 create mode 100644 .logs/20260409-155941-5c01c0ea715d4d66894ee01e0b5ff7a9.err
 create mode 100644 .logs/20260409-155941-5c01c0ea715d4d66894ee01e0b5ff7a9.out
 create mode 100644 .logs/20260409-155941-5c01c0ea715d4d66894ee01e0b5ff7a9.retcode
 create mode 100644 .logs/20260409-155941-cc9551fad1784ff990af9b8140ac88e1.err
 create mode 100644 .logs/20260409-155941-cc9551fad1784ff990af9b8140ac88e1.out
 create mode 100644 .logs/20260409-155941-cc9551fad1784ff990af9b8140ac88e1.retcode
 create mode 100644 .logs/20260409-155946-25309781c48345f393c365af547f9dad.err
 create mode 100644 .logs/20260409-155946-25309781c48345f393c365af547f9dad.out
 create mode 100644 .logs/20260409-155946-25309781c48345f393c365af547f9dad.retcode
 create mode 100644 .logs/20260409-155946-5faf96c7bf17426c9cec2f3ca3f0a769.err
 create mode 100644 .logs/20260409-155946-5faf96c7bf17426c9cec2f3ca3f0a769.out
 create mode 100644 .logs/20260409-160009-30285634015a4bb6ba9b1f8394176604.err
 create mode 100644 .logs/20260409-160009-30285634015a4bb6ba9b1f8394176604.out
 create mode 100644 .logs/20260409-160009-30285634015a4bb6ba9b1f8394176604.retcode
 create mode 100644 .logs/20260409-160108-e23d25dae7ea42479443979c235f89d5.err
 create mode 100644 .logs/20260409-160108-e23d25dae7ea42479443979c235f89d5.out
 create mode 100644 FASE_3_DOCUMENTACION.pdf
###bec042b7c12fb58d0958a11f29c7b9f36d717260###
