[main 6795d2f] Habilitar Corepack para Yarn 4.x
 30 files changed, 105 insertions(+), 1 deletion(-)
 create mode 100644 .logs/20260407-182647-435d3656037a4769aca0ba133705db70.retcode
 create mode 100644 .logs/20260407-182721-6639a7805417451f85b8173bd9cbc679.retcode
 create mode 100644 .logs/20260407-183409-15a6d00ef6c44b1e971546770a85e4ee.err
 create mode 100644 .logs/20260407-183409-15a6d00ef6c44b1e971546770a85e4ee.out
 create mode 100644 .logs/20260407-183409-15a6d00ef6c44b1e971546770a85e4ee.retcode
 create mode 100644 .logs/20260407-183409-64e74626ded74408b73a57b424a43c4e.err
 create mode 100644 .logs/20260407-183409-64e74626ded74408b73a57b424a43c4e.out
 create mode 100644 .logs/20260407-183409-64e74626ded74408b73a57b424a43c4e.retcode
 create mode 100644 .logs/20260407-183409-6ca4c44948c9436cbf9c0afce3102a3a.err
 create mode 100644 .logs/20260407-183409-6ca4c44948c9436cbf9c0afce3102a3a.out
 create mode 100644 .logs/20260407-183409-6ca4c44948c9436cbf9c0afce3102a3a.retcode
 create mode 100644 .logs/20260407-183409-a65ae9f037d748399a8d3c9645a04130.err
 create mode 100644 .logs/20260407-183409-a65ae9f037d748399a8d3c9645a04130.out
 create mode 100644 .logs/20260407-183409-a65ae9f037d748399a8d3c9645a04130.retcode
 create mode 100644 .logs/20260407-183409-e7184e3a98ea473dab103a0cfd11def9.err
 create mode 100644 .logs/20260407-183409-e7184e3a98ea473dab103a0cfd11def9.out
 create mode 100644 .logs/20260407-183409-e7184e3a98ea473dab103a0cfd11def9.retcode
 create mode 100644 .logs/20260407-183413-0410c48c2e02485b90e28caff063a18a.err
 create mode 100644 .logs/20260407-183413-0410c48c2e02485b90e28caff063a18a.out
 create mode 100644 .logs/20260407-183413-a63546d50cc74a968413fe60d5f4d6c0.err
 create mode 100644 .logs/20260407-183413-a63546d50cc74a968413fe60d5f4d6c0.out
 create mode 100644 .logs/20260407-183413-a63546d50cc74a968413fe60d5f4d6c0.retcode
 create mode 100644 .logs/20260407-183434-19094b5d02dd442996ed27e175f5c068.err
 create mode 100644 .logs/20260407-183434-19094b5d02dd442996ed27e175f5c068.out
 create mode 100644 .logs/20260407-183434-19094b5d02dd442996ed27e175f5c068.retcode
 create mode 100644 .logs/20260407-183453-ea70b824553f40d7baf8bb42caab3226.err
 create mode 100644 .logs/20260407-183453-ea70b824553f40d7baf8bb42caab3226.out
###6795d2f68a0798268ed0c34be407e7bc8156b2b3###
