[main e1bf2f6] Fix broken symlink in Dockerfile
 30 files changed, 218 insertions(+), 1 deletion(-)
 create mode 100644 .logs/20260413-022119-1f2cdc133201473ba8a3d18a175b8647.retcode
 create mode 100644 .logs/20260413-022203-b7b0e78487c24104b866006e4ccd6689.retcode
 create mode 100644 .logs/20260413-022602-3f39b7961b7d463ba34a40de8852aca7.err
 create mode 100644 .logs/20260413-022602-3f39b7961b7d463ba34a40de8852aca7.out
 create mode 100644 .logs/20260413-022602-3f39b7961b7d463ba34a40de8852aca7.retcode
 create mode 100644 .logs/20260413-022602-73cdcbeac61e4b739aadafb5ec7aef32.err
 create mode 100644 .logs/20260413-022602-73cdcbeac61e4b739aadafb5ec7aef32.out
 create mode 100644 .logs/20260413-022602-73cdcbeac61e4b739aadafb5ec7aef32.retcode
 create mode 100644 .logs/20260413-022603-388b89539bf64c54b472a2e671ba0ee1.err
 create mode 100644 .logs/20260413-022603-388b89539bf64c54b472a2e671ba0ee1.out
 create mode 100644 .logs/20260413-022603-388b89539bf64c54b472a2e671ba0ee1.retcode
 create mode 100644 .logs/20260413-022603-63b7732295204c9cb1f1eb2cd4fc7c8b.err
 create mode 100644 .logs/20260413-022603-63b7732295204c9cb1f1eb2cd4fc7c8b.out
 create mode 100644 .logs/20260413-022603-63b7732295204c9cb1f1eb2cd4fc7c8b.retcode
 create mode 100644 .logs/20260413-022603-708975242d0642ae8e5015807201cf80.err
 create mode 100644 .logs/20260413-022603-708975242d0642ae8e5015807201cf80.out
 create mode 100644 .logs/20260413-022603-708975242d0642ae8e5015807201cf80.retcode
 create mode 100644 .logs/20260413-022607-42e173583f2043b395810f434f77c46d.err
 create mode 100644 .logs/20260413-022607-42e173583f2043b395810f434f77c46d.out
 create mode 100644 .logs/20260413-022607-42e173583f2043b395810f434f77c46d.retcode
 create mode 100644 .logs/20260413-022607-b1da4566e8354e7dab674ea2ff5a3190.err
 create mode 100644 .logs/20260413-022607-b1da4566e8354e7dab674ea2ff5a3190.out
 create mode 100644 .logs/20260413-022629-69ea22b805ce485fac820b0984cee538.err
 create mode 100644 .logs/20260413-022629-69ea22b805ce485fac820b0984cee538.out
 create mode 100644 .logs/20260413-022629-69ea22b805ce485fac820b0984cee538.retcode
 create mode 100644 .logs/20260413-022639-b480d1ce54634aeea87036b92045d347.err
 create mode 100644 .logs/20260413-022639-b480d1ce54634aeea87036b92045d347.out
###e1bf2f6f0583dd0f66e361651446e6e9661732d1###
