[main b31e9c8] Phase 3: Emergency SOS, Geofencing, Focus Mode, Tasks, Diagnostics & Network Security
 55 files changed, 5291 insertions(+), 9 deletions(-)
 create mode 100644 .logs/20260409-151143-309cc830edfe44e5866e95887f423d2b.retcode
 create mode 100644 .logs/20260409-153904-f77174e9e8254f7ba81e150abfc79f08.err
 create mode 100644 .logs/20260409-153904-f77174e9e8254f7ba81e150abfc79f08.out
 create mode 100644 .logs/20260409-153904-f77174e9e8254f7ba81e150abfc79f08.retcode
 create mode 100644 .logs/20260409-154347-41a670f67fb143758b56b66c3b305105.err
 create mode 100644 .logs/20260409-154347-41a670f67fb143758b56b66c3b305105.out
 create mode 100644 .logs/20260409-154347-41a670f67fb143758b56b66c3b305105.retcode
 create mode 100644 .logs/20260409-154347-686baa205060428b9d9681e48d1b5a05.err
 create mode 100644 .logs/20260409-154347-686baa205060428b9d9681e48d1b5a05.out
 create mode 100644 .logs/20260409-154347-686baa205060428b9d9681e48d1b5a05.retcode
 create mode 100644 .logs/20260409-154347-71287db0fa354464a702f2304a76b332.err
 create mode 100644 .logs/20260409-154347-71287db0fa354464a702f2304a76b332.out
 create mode 100644 .logs/20260409-154347-71287db0fa354464a702f2304a76b332.retcode
 create mode 100644 .logs/20260409-154347-8516bb476ed843f7863790fa9b99b4d6.err
 create mode 100644 .logs/20260409-154347-8516bb476ed843f7863790fa9b99b4d6.out
 create mode 100644 .logs/20260409-154347-8516bb476ed843f7863790fa9b99b4d6.retcode
 create mode 100644 .logs/20260409-154347-d872bfc0b9924c0894e46f6a465120f0.err
 create mode 100644 .logs/20260409-154347-d872bfc0b9924c0894e46f6a465120f0.out
 create mode 100644 .logs/20260409-154347-d872bfc0b9924c0894e46f6a465120f0.retcode
 create mode 100644 .logs/20260409-154352-ecea24f7d0a547de85a151ecee67d5f7.err
 create mode 100644 .logs/20260409-154352-ecea24f7d0a547de85a151ecee67d5f7.out
 create mode 100644 .logs/20260409-154353-c9097d154ecb42a59cda501fcc4f3b42.err
 create mode 100644 .logs/20260409-154353-c9097d154ecb42a59cda501fcc4f3b42.out
 create mode 100644 .logs/20260409-154353-c9097d154ecb42a59cda501fcc4f3b42.retcode
 create mode 100644 .logs/20260409-154416-073f683a276447b59014652fda8c9951.err
 create mode 100644 .logs/20260409-154416-073f683a276447b59014652fda8c9951.out
 create mode 100644 .logs/20260409-154416-073f683a276447b59014652fda8c9951.retcode
 create mode 100644 .logs/20260409-154637-cbea8bd73a7f4847a5ef1c2f24e70be2.err
 create mode 100644 .logs/20260409-154637-cbea8bd73a7f4847a5ef1c2f24e70be2.out
 create mode 100644 FASE_3_DOCUMENTACION.md
 create mode 100644 NUEVAS_FEATURES.pdf
 create mode 100644 nodejs_space/prisma/migrations/20260409153948_add_emergency_sos_geofencing_focus_tasks_diagnostics_and_network_security/migration.sql
 create mode 100644 nodejs_space/src/device-diagnostics/device-diagnostics.controller.ts
 create mode 100644 nodejs_space/src/device-diagnostics/device-diagnostics.module.ts
 create mode 100644 nodejs_space/src/device-diagnostics/device-diagnostics.service.ts
 create mode 100644 nodejs_space/src/emergency/emergency.controller.ts
 create mode 100644 nodejs_space/src/emergency/emergency.module.ts
 create mode 100644 nodejs_space/src/emergency/emergency.service.ts
 create mode 100644 nodejs_space/src/focus-mode/focus-mode.controller.ts
 create mode 100644 nodejs_space/src/focus-mode/focus-mode.module.ts
 create mode 100644 nodejs_space/src/focus-mode/focus-mode.service.ts
 create mode 100644 nodejs_space/src/geofencing/geofencing.controller.ts
 create mode 100644 nodejs_space/src/geofencing/geofencing.module.ts
 create mode 100644 nodejs_space/src/geofencing/geofencing.service.ts
 create mode 100644 nodejs_space/src/network-security/network-security.controller.ts
 create mode 100644 nodejs_space/src/network-security/network-security.module.ts
 create mode 100644 nodejs_space/src/network-security/network-security.service.ts
 create mode 100644 nodejs_space/src/tasks/tasks.controller.ts
 create mode 100644 nodejs_space/src/tasks/tasks.module.ts
 create mode 100644 nodejs_space/src/tasks/tasks.service.ts
###b31e9c8ea1fd1fadaa9aec35e3c17b1c4583fea8###
