[main eb45583] Fix yarn.lock symlink for Docker
 32 files changed, 393 insertions(+), 8051 deletions(-)
 create mode 100644 .logs/20260413-013007-7a086177266f4ca9b606ea97918ee134.retcode
 create mode 100644 .logs/20260413-015921-35de91fab2e14e799043f3a4aba25e47.err
 create mode 100644 .logs/20260413-015921-35de91fab2e14e799043f3a4aba25e47.out
 create mode 100644 .logs/20260413-015921-35de91fab2e14e799043f3a4aba25e47.retcode
 create mode 100644 .logs/20260413-020042-12bc203376cc4925a318e97fb50272b7.err
 create mode 100644 .logs/20260413-020042-12bc203376cc4925a318e97fb50272b7.out
 create mode 100644 .logs/20260413-020042-12bc203376cc4925a318e97fb50272b7.retcode
 create mode 100644 .logs/20260413-020042-6e79acc284d646b79945783121a9edf5.err
 create mode 100644 .logs/20260413-020042-6e79acc284d646b79945783121a9edf5.out
 create mode 100644 .logs/20260413-020042-6e79acc284d646b79945783121a9edf5.retcode
 create mode 100644 .logs/20260413-020042-c31aabffec054208a204dfa7ce7867d8.err
 create mode 100644 .logs/20260413-020042-c31aabffec054208a204dfa7ce7867d8.out
 create mode 100644 .logs/20260413-020042-c31aabffec054208a204dfa7ce7867d8.retcode
 create mode 100644 .logs/20260413-020042-d63cd69653a74b08a0c9c393543b32f1.err
 create mode 100644 .logs/20260413-020042-d63cd69653a74b08a0c9c393543b32f1.out
 create mode 100644 .logs/20260413-020042-d63cd69653a74b08a0c9c393543b32f1.retcode
 create mode 100644 .logs/20260413-020042-f9f59a1b25d44784aafad152828a737c.err
 create mode 100644 .logs/20260413-020042-f9f59a1b25d44784aafad152828a737c.out
 create mode 100644 .logs/20260413-020042-f9f59a1b25d44784aafad152828a737c.retcode
 create mode 100644 .logs/20260413-020047-28fbf9d7d969464e841828f352033938.err
 create mode 100644 .logs/20260413-020047-28fbf9d7d969464e841828f352033938.out
 create mode 100644 .logs/20260413-020047-28fbf9d7d969464e841828f352033938.retcode
 create mode 100644 .logs/20260413-020047-6439db6c83484aea8206aa568ce28102.err
 create mode 100644 .logs/20260413-020047-6439db6c83484aea8206aa568ce28102.out
 create mode 100644 .logs/20260413-020107-f9b5344ef61647d495ef80f9744adf2a.err
 create mode 100644 .logs/20260413-020107-f9b5344ef61647d495ef80f9744adf2a.out
 create mode 100644 .logs/20260413-020107-f9b5344ef61647d495ef80f9744adf2a.retcode
 create mode 100644 .logs/20260413-020124-98f250efaee54cc69d5c76ef50e7c685.err
 create mode 100644 .logs/20260413-020124-98f250efaee54cc69d5c76ef50e7c685.out
 mode change 100644 => 120000 nodejs_space/yarn.lock
###eb4558328ef62a956e5f573d39f79027d21597a3###
