[main 1bc3ada] Fix TypeScript errors for Render deploy
 28 files changed, 187 insertions(+), 1 deletion(-)
 create mode 100644 .logs/20260413-012014-8a2960da837f4b6fa194d0cd6855481d.retcode
 create mode 100644 .logs/20260413-012926-2c47d39e1fdd436cbbd68c7026759155.err
 create mode 100644 .logs/20260413-012926-2c47d39e1fdd436cbbd68c7026759155.out
 create mode 100644 .logs/20260413-012926-2c47d39e1fdd436cbbd68c7026759155.retcode
 create mode 100644 .logs/20260413-012926-3258fa62ac3a42f6ab059360d5c211e9.err
 create mode 100644 .logs/20260413-012926-3258fa62ac3a42f6ab059360d5c211e9.out
 create mode 100644 .logs/20260413-012926-3258fa62ac3a42f6ab059360d5c211e9.retcode
 create mode 100644 .logs/20260413-012926-5c5a75db18dd4ae7bf86baedf2006b5d.err
 create mode 100644 .logs/20260413-012926-5c5a75db18dd4ae7bf86baedf2006b5d.out
 create mode 100644 .logs/20260413-012926-5c5a75db18dd4ae7bf86baedf2006b5d.retcode
 create mode 100644 .logs/20260413-012926-6c639f88514a4dbbb1864712a3de970c.err
 create mode 100644 .logs/20260413-012926-6c639f88514a4dbbb1864712a3de970c.out
 create mode 100644 .logs/20260413-012926-6c639f88514a4dbbb1864712a3de970c.retcode
 create mode 100644 .logs/20260413-012926-d2295ce9e910440397d8110c26b43ec2.err
 create mode 100644 .logs/20260413-012926-d2295ce9e910440397d8110c26b43ec2.out
 create mode 100644 .logs/20260413-012926-d2295ce9e910440397d8110c26b43ec2.retcode
 create mode 100644 .logs/20260413-012930-c937b1767f1a44ad86c1f48ba2ee2b34.err
 create mode 100644 .logs/20260413-012930-c937b1767f1a44ad86c1f48ba2ee2b34.out
 create mode 100644 .logs/20260413-012931-1d5d6ecb71ed49e9ab847e74f73e2a19.err
 create mode 100644 .logs/20260413-012931-1d5d6ecb71ed49e9ab847e74f73e2a19.out
 create mode 100644 .logs/20260413-012931-1d5d6ecb71ed49e9ab847e74f73e2a19.retcode
 create mode 100644 .logs/20260413-012951-e682d20d843a47809a99eda71290169c.err
 create mode 100644 .logs/20260413-012951-e682d20d843a47809a99eda71290169c.out
 create mode 100644 .logs/20260413-012951-e682d20d843a47809a99eda71290169c.retcode
 create mode 100644 .logs/20260413-013007-7a086177266f4ca9b606ea97918ee134.err
 create mode 100644 .logs/20260413-013007-7a086177266f4ca9b606ea97918ee134.out
###1bc3ada6d3bdcdf83f1e7861ee20cf41a06b2bf2###
