[main b1fa10d] Debug DATABASE_URL on Render startup
 30 files changed, 218 insertions(+), 1 deletion(-)
 create mode 100644 .logs/20260413-035740-5a486369d1fe46bcb65eebb400f4ca1d.retcode
 create mode 100644 .logs/20260413-035819-d333ec74f8ad4709b18f96f9f697ee6f.retcode
 create mode 100644 .logs/20260413-040544-0f35c45150a94de280a5c165e047bd27.err
 create mode 100644 .logs/20260413-040544-0f35c45150a94de280a5c165e047bd27.out
 create mode 100644 .logs/20260413-040544-0f35c45150a94de280a5c165e047bd27.retcode
 create mode 100644 .logs/20260413-040544-4076a30fb1894040845c5ffd19514f5c.err
 create mode 100644 .logs/20260413-040544-4076a30fb1894040845c5ffd19514f5c.out
 create mode 100644 .logs/20260413-040544-4076a30fb1894040845c5ffd19514f5c.retcode
 create mode 100644 .logs/20260413-040544-81aa6ac059b643459f49d8a1af6580ba.err
 create mode 100644 .logs/20260413-040544-81aa6ac059b643459f49d8a1af6580ba.out
 create mode 100644 .logs/20260413-040544-81aa6ac059b643459f49d8a1af6580ba.retcode
 create mode 100644 .logs/20260413-040544-b8a8e20f053147f1aaad140bd52ecc70.err
 create mode 100644 .logs/20260413-040544-b8a8e20f053147f1aaad140bd52ecc70.out
 create mode 100644 .logs/20260413-040544-b8a8e20f053147f1aaad140bd52ecc70.retcode
 create mode 100644 .logs/20260413-040544-eb2f3c5c2e9c45f3a32b851e5c44d672.err
 create mode 100644 .logs/20260413-040544-eb2f3c5c2e9c45f3a32b851e5c44d672.out
 create mode 100644 .logs/20260413-040544-eb2f3c5c2e9c45f3a32b851e5c44d672.retcode
 create mode 100644 .logs/20260413-040548-8834d116c1b9465897565283477dac7f.err
 create mode 100644 .logs/20260413-040548-8834d116c1b9465897565283477dac7f.out
 create mode 100644 .logs/20260413-040549-2763dd5f249440119570111de8b1db68.err
 create mode 100644 .logs/20260413-040549-2763dd5f249440119570111de8b1db68.out
 create mode 100644 .logs/20260413-040549-2763dd5f249440119570111de8b1db68.retcode
 create mode 100644 .logs/20260413-040610-e446367192ff421e83c484af94b9e863.err
 create mode 100644 .logs/20260413-040610-e446367192ff421e83c484af94b9e863.out
 create mode 100644 .logs/20260413-040610-e446367192ff421e83c484af94b9e863.retcode
 create mode 100644 .logs/20260413-040624-1282693b27624611b98cd4ba41da62d7.err
 create mode 100644 .logs/20260413-040624-1282693b27624611b98cd4ba41da62d7.out
###b1fa10d885edfb4df34df6901db7d927be4a84a2###
