[main 5fbfed6] Fix Swagger runtime crash issue
 29 files changed, 187 insertions(+), 1 deletion(-)
 create mode 100644 .logs/20260414-010128-88b5d57043b5406bbfcfd0aa0b409b80.retcode
 create mode 100644 .logs/20260414-010647-56ecb8ad9f3c40438b96124f39979513.err
 create mode 100644 .logs/20260414-010647-56ecb8ad9f3c40438b96124f39979513.out
 create mode 100644 .logs/20260414-010647-56ecb8ad9f3c40438b96124f39979513.retcode
 create mode 100644 .logs/20260414-010647-9dd94a51af774c6fa7ff93190b6a5a0e.err
 create mode 100644 .logs/20260414-010647-9dd94a51af774c6fa7ff93190b6a5a0e.out
 create mode 100644 .logs/20260414-010647-9dd94a51af774c6fa7ff93190b6a5a0e.retcode
 create mode 100644 .logs/20260414-010647-a4b07800a33a45e2af45a32d2b21735d.err
 create mode 100644 .logs/20260414-010647-a4b07800a33a45e2af45a32d2b21735d.out
 create mode 100644 .logs/20260414-010647-a4b07800a33a45e2af45a32d2b21735d.retcode
 create mode 100644 .logs/20260414-010647-b689fe0916dc44c38377b0c36e26940d.err
 create mode 100644 .logs/20260414-010647-b689fe0916dc44c38377b0c36e26940d.out
 create mode 100644 .logs/20260414-010647-b689fe0916dc44c38377b0c36e26940d.retcode
 create mode 100644 .logs/20260414-010647-df00410d825f42459d10ae36c6f42c98.err
 create mode 100644 .logs/20260414-010647-df00410d825f42459d10ae36c6f42c98.out
 create mode 100644 .logs/20260414-010647-df00410d825f42459d10ae36c6f42c98.retcode
 create mode 100644 .logs/20260414-010652-c4c2040e97f345519d99f5ae07196d06.err
 create mode 100644 .logs/20260414-010652-c4c2040e97f345519d99f5ae07196d06.out
 create mode 100644 .logs/20260414-010653-bfeccdd576054d878a18aa3f65d56ea5.err
 create mode 100644 .logs/20260414-010653-bfeccdd576054d878a18aa3f65d56ea5.out
 create mode 100644 .logs/20260414-010653-bfeccdd576054d878a18aa3f65d56ea5.retcode
 create mode 100644 .logs/20260414-010713-38bde3a758c8423eab77abcc95df0680.err
 create mode 100644 .logs/20260414-010713-38bde3a758c8423eab77abcc95df0680.out
 create mode 100644 .logs/20260414-010713-38bde3a758c8423eab77abcc95df0680.retcode
 create mode 100644 .logs/20260414-010733-b36143f24ce84245bf8d96d8f042ef22.err
 create mode 100644 .logs/20260414-010733-b36143f24ce84245bf8d96d8f042ef22.out
###5fbfed66fa07d07df4a2567a2397f20f1b3cfb2a###
