[main 69bebe5] Fix Docker build Prisma types issue
 31 files changed, 521 insertions(+), 1 deletion(-)
 create mode 100644 .logs/20260413-020047-6439db6c83484aea8206aa568ce28102.retcode
 create mode 100644 .logs/20260413-020124-98f250efaee54cc69d5c76ef50e7c685.retcode
 create mode 100644 .logs/20260413-021001-9f99c0d8148b42b7b7f948525d63b471.err
 create mode 100644 .logs/20260413-021001-9f99c0d8148b42b7b7f948525d63b471.out
 create mode 100644 .logs/20260413-021001-9f99c0d8148b42b7b7f948525d63b471.retcode
 create mode 100644 .logs/20260413-021002-5e7215d7ee7d4c47981c9c300a9a8fdc.err
 create mode 100644 .logs/20260413-021002-5e7215d7ee7d4c47981c9c300a9a8fdc.out
 create mode 100644 .logs/20260413-021002-5e7215d7ee7d4c47981c9c300a9a8fdc.retcode
 create mode 100644 .logs/20260413-021002-dbb067266cad420497e6efe08f934598.err
 create mode 100644 .logs/20260413-021002-dbb067266cad420497e6efe08f934598.out
 create mode 100644 .logs/20260413-021002-dbb067266cad420497e6efe08f934598.retcode
 create mode 100644 .logs/20260413-021002-e4c95306ee5e4495a8b509adc25a8276.err
 create mode 100644 .logs/20260413-021002-e4c95306ee5e4495a8b509adc25a8276.out
 create mode 100644 .logs/20260413-021002-e4c95306ee5e4495a8b509adc25a8276.retcode
 create mode 100644 .logs/20260413-021002-f0849f3232ab4ff683ef64f803b3458e.err
 create mode 100644 .logs/20260413-021002-f0849f3232ab4ff683ef64f803b3458e.out
 create mode 100644 .logs/20260413-021002-f0849f3232ab4ff683ef64f803b3458e.retcode
 create mode 100644 .logs/20260413-021006-c934583146b14ceea7594d0dcdf87611.err
 create mode 100644 .logs/20260413-021006-c934583146b14ceea7594d0dcdf87611.out
 create mode 100644 .logs/20260413-021007-f4afd579860b4776babc501c0ab97c43.err
 create mode 100644 .logs/20260413-021007-f4afd579860b4776babc501c0ab97c43.out
 create mode 100644 .logs/20260413-021007-f4afd579860b4776babc501c0ab97c43.retcode
 create mode 100644 .logs/20260413-021028-3f88ead151964a5990464be8b4f2a754.err
 create mode 100644 .logs/20260413-021028-3f88ead151964a5990464be8b4f2a754.out
 create mode 100644 .logs/20260413-021028-3f88ead151964a5990464be8b4f2a754.retcode
 create mode 100644 .logs/20260413-021047-8622ea8336864d239c512ce3d21a0118.err
 create mode 100644 .logs/20260413-021047-8622ea8336864d239c512ce3d21a0118.out
###69bebe58674c64060b26389f590b2f3e7686e4f8###
