[main 91c35dd] Unbreakable blocking system for apps and websites
 28 files changed, 110 insertions(+), 8051 deletions(-)
 create mode 100644 .logs/20260408-180118-355f8b13027d4731882fc3f687d93e70.retcode
 create mode 100644 .logs/20260408-180402-38a267b75edc4f058bea87fae83d5d44.err
 create mode 100644 .logs/20260408-180402-38a267b75edc4f058bea87fae83d5d44.out
 create mode 100644 .logs/20260408-180402-38a267b75edc4f058bea87fae83d5d44.retcode
 create mode 100644 .logs/20260408-180402-b0c37c49b0e045759da3e24283c00f62.err
 create mode 100644 .logs/20260408-180402-b0c37c49b0e045759da3e24283c00f62.out
 create mode 100644 .logs/20260408-180402-b0c37c49b0e045759da3e24283c00f62.retcode
 create mode 100644 .logs/20260408-180402-b70ae725712549f3b9cf3a9a34eed771.err
 create mode 100644 .logs/20260408-180402-b70ae725712549f3b9cf3a9a34eed771.out
 create mode 100644 .logs/20260408-180402-b70ae725712549f3b9cf3a9a34eed771.retcode
 create mode 100644 .logs/20260408-180403-602d4c56b3324654bd9f4de88ba59856.err
 create mode 100644 .logs/20260408-180403-602d4c56b3324654bd9f4de88ba59856.out
 create mode 100644 .logs/20260408-180403-602d4c56b3324654bd9f4de88ba59856.retcode
 create mode 100644 .logs/20260408-180403-6304eeac528b4272992cd7cfa13b5b25.err
 create mode 100644 .logs/20260408-180403-6304eeac528b4272992cd7cfa13b5b25.out
 create mode 100644 .logs/20260408-180403-6304eeac528b4272992cd7cfa13b5b25.retcode
 create mode 100644 .logs/20260408-180407-979cdd459d6b4202832e23059ca09565.err
 create mode 100644 .logs/20260408-180407-979cdd459d6b4202832e23059ca09565.out
 create mode 100644 .logs/20260408-180407-979cdd459d6b4202832e23059ca09565.retcode
 create mode 100644 .logs/20260408-180407-9db1e9741476470ab571ddbc91e0b517.err
 create mode 100644 .logs/20260408-180407-9db1e9741476470ab571ddbc91e0b517.out
 create mode 100644 .logs/20260408-180429-188882bb7c8a447e92d028a1682c61d6.err
 create mode 100644 .logs/20260408-180429-188882bb7c8a447e92d028a1682c61d6.out
 create mode 100644 .logs/20260408-180429-188882bb7c8a447e92d028a1682c61d6.retcode
 create mode 100644 .logs/20260408-180456-406bfc5983e346ee86fde9402b67dbc7.err
 create mode 100644 .logs/20260408-180456-406bfc5983e346ee86fde9402b67dbc7.out
 mode change 100644 => 120000 nodejs_space/yarn.lock
###91c35dd138ae72cb6c3d7d02394b8454f1d414e7###
