[main 7ad7575] Fix Prisma output path for Docker
 32 files changed, 816 insertions(+), 4 deletions(-)
 create mode 100644 .logs/20260413-021518-8b1a657801f547d6a77fcc2e1940c038.retcode
 create mode 100644 .logs/20260413-021551-053ae5d38b724ef9af4e68bedaddc95a.retcode
 create mode 100644 .logs/20260413-022114-1304c229691a419e82d9f5ebf89dcfb1.err
 create mode 100644 .logs/20260413-022114-1304c229691a419e82d9f5ebf89dcfb1.out
 create mode 100644 .logs/20260413-022114-1304c229691a419e82d9f5ebf89dcfb1.retcode
 create mode 100644 .logs/20260413-022114-866b503eee6841d3a65f6a0f1f40031c.err
 create mode 100644 .logs/20260413-022114-866b503eee6841d3a65f6a0f1f40031c.out
 create mode 100644 .logs/20260413-022114-866b503eee6841d3a65f6a0f1f40031c.retcode
 create mode 100644 .logs/20260413-022114-8678c9818f0949cd89447b55c99784d3.err
 create mode 100644 .logs/20260413-022114-8678c9818f0949cd89447b55c99784d3.out
 create mode 100644 .logs/20260413-022114-8678c9818f0949cd89447b55c99784d3.retcode
 create mode 100644 .logs/20260413-022114-927669032de94e13ae6b4314b1a2cd5f.err
 create mode 100644 .logs/20260413-022114-927669032de94e13ae6b4314b1a2cd5f.out
 create mode 100644 .logs/20260413-022114-927669032de94e13ae6b4314b1a2cd5f.retcode
 create mode 100644 .logs/20260413-022114-f155797d2f7b4ea0a6d756a51adbecef.err
 create mode 100644 .logs/20260413-022114-f155797d2f7b4ea0a6d756a51adbecef.out
 create mode 100644 .logs/20260413-022114-f155797d2f7b4ea0a6d756a51adbecef.retcode
 create mode 100644 .logs/20260413-022119-1f2cdc133201473ba8a3d18a175b8647.err
 create mode 100644 .logs/20260413-022119-1f2cdc133201473ba8a3d18a175b8647.out
 create mode 100644 .logs/20260413-022119-67cfdd2b26d94bcdb19e573c71e4477f.err
 create mode 100644 .logs/20260413-022119-67cfdd2b26d94bcdb19e573c71e4477f.out
 create mode 100644 .logs/20260413-022119-67cfdd2b26d94bcdb19e573c71e4477f.retcode
 create mode 100644 .logs/20260413-022141-b149c230b3574c4f84196abafbf90112.err
 create mode 100644 .logs/20260413-022141-b149c230b3574c4f84196abafbf90112.out
 create mode 100644 .logs/20260413-022141-b149c230b3574c4f84196abafbf90112.retcode
 create mode 100644 .logs/20260413-022203-b7b0e78487c24104b866006e4ccd6689.err
 create mode 100644 .logs/20260413-022203-b7b0e78487c24104b866006e4ccd6689.out
###7ad7575841c83c3bfa635223e620bf82fcb620cd###
