[main 455d793] Fix ESLint config and deployment errors
 28 files changed, 84 insertions(+), 1 deletion(-)
 create mode 100644 .logs/20260408-162810-7d47cc0b002f40acbceb9762b43f797c.retcode
 create mode 100644 .logs/20260408-162951-ffae47e66f544d8fa6a18d5df673195f.err
 create mode 100644 .logs/20260408-162951-ffae47e66f544d8fa6a18d5df673195f.out
 create mode 100644 .logs/20260408-162951-ffae47e66f544d8fa6a18d5df673195f.retcode
 create mode 100644 .logs/20260408-162952-87fa8bfb3368432eb584da0b58dbfdde.err
 create mode 100644 .logs/20260408-162952-87fa8bfb3368432eb584da0b58dbfdde.out
 create mode 100644 .logs/20260408-162952-87fa8bfb3368432eb584da0b58dbfdde.retcode
 create mode 100644 .logs/20260408-162952-9efdfc3b6e2d4007a497eb6632d20b41.err
 create mode 100644 .logs/20260408-162952-9efdfc3b6e2d4007a497eb6632d20b41.out
 create mode 100644 .logs/20260408-162952-9efdfc3b6e2d4007a497eb6632d20b41.retcode
 create mode 100644 .logs/20260408-162952-aa6ac053c8f241e7ba1bca4fe5d86050.err
 create mode 100644 .logs/20260408-162952-aa6ac053c8f241e7ba1bca4fe5d86050.out
 create mode 100644 .logs/20260408-162952-aa6ac053c8f241e7ba1bca4fe5d86050.retcode
 create mode 100644 .logs/20260408-162954-1d2483a6458e4db487a96f3ad2f5c6cb.err
 create mode 100644 .logs/20260408-162954-1d2483a6458e4db487a96f3ad2f5c6cb.out
 create mode 100644 .logs/20260408-162954-1d2483a6458e4db487a96f3ad2f5c6cb.retcode
 create mode 100644 .logs/20260408-162958-e37bf59fa9d44d05ad6bd5497a617944.err
 create mode 100644 .logs/20260408-162958-e37bf59fa9d44d05ad6bd5497a617944.out
 create mode 100644 .logs/20260408-162959-a69656f00c794a4997dfd7e886df3f07.err
 create mode 100644 .logs/20260408-162959-a69656f00c794a4997dfd7e886df3f07.out
 create mode 100644 .logs/20260408-162959-a69656f00c794a4997dfd7e886df3f07.retcode
 create mode 100644 .logs/20260408-163017-98c16e488c0b4b75bf245c523c0d1bc0.err
 create mode 100644 .logs/20260408-163017-98c16e488c0b4b75bf245c523c0d1bc0.out
 create mode 100644 .logs/20260408-163017-98c16e488c0b4b75bf245c523c0d1bc0.retcode
 create mode 100644 .logs/20260408-163041-1eb5d0bc36bb43e3a30338751c97b717.err
 create mode 100644 .logs/20260408-163041-1eb5d0bc36bb43e3a30338751c97b717.out
###455d7935204fd0ee156e434348d17103a2a66d3b###
