[main 2261db8] Simplificar Dockerfile yarn install
 30 files changed, 101 insertions(+), 1 deletion(-)
 create mode 100644 .logs/20260407-183413-0410c48c2e02485b90e28caff063a18a.retcode
 create mode 100644 .logs/20260407-183453-ea70b824553f40d7baf8bb42caab3226.retcode
 create mode 100644 .logs/20260407-183814-3af0c492b09b45e4ba4c818f0c35745e.err
 create mode 100644 .logs/20260407-183814-3af0c492b09b45e4ba4c818f0c35745e.out
 create mode 100644 .logs/20260407-183814-3af0c492b09b45e4ba4c818f0c35745e.retcode
 create mode 100644 .logs/20260407-183814-82d5351feabb4101b97fd9ec824ca2b7.err
 create mode 100644 .logs/20260407-183814-82d5351feabb4101b97fd9ec824ca2b7.out
 create mode 100644 .logs/20260407-183814-82d5351feabb4101b97fd9ec824ca2b7.retcode
 create mode 100644 .logs/20260407-183814-d4fe8c4a779e4c8aaea92e73f42af08a.err
 create mode 100644 .logs/20260407-183814-d4fe8c4a779e4c8aaea92e73f42af08a.out
 create mode 100644 .logs/20260407-183814-d4fe8c4a779e4c8aaea92e73f42af08a.retcode
 create mode 100644 .logs/20260407-183814-d75f3c30b67646d1a49003389b7c0157.err
 create mode 100644 .logs/20260407-183814-d75f3c30b67646d1a49003389b7c0157.out
 create mode 100644 .logs/20260407-183814-d75f3c30b67646d1a49003389b7c0157.retcode
 create mode 100644 .logs/20260407-183815-da1e732ac3b348b4b22911e081c1d13a.err
 create mode 100644 .logs/20260407-183815-da1e732ac3b348b4b22911e081c1d13a.out
 create mode 100644 .logs/20260407-183815-da1e732ac3b348b4b22911e081c1d13a.retcode
 create mode 100644 .logs/20260407-183818-3a16b47262ec4e219856a3e79e6f149d.err
 create mode 100644 .logs/20260407-183818-3a16b47262ec4e219856a3e79e6f149d.out
 create mode 100644 .logs/20260407-183819-db83c3d19d074b00989bf9b3a3fa5574.err
 create mode 100644 .logs/20260407-183819-db83c3d19d074b00989bf9b3a3fa5574.out
 create mode 100644 .logs/20260407-183819-db83c3d19d074b00989bf9b3a3fa5574.retcode
 create mode 100644 .logs/20260407-183839-1ddd737c6f624061abca766cb0d0b726.err
 create mode 100644 .logs/20260407-183839-1ddd737c6f624061abca766cb0d0b726.out
 create mode 100644 .logs/20260407-183839-1ddd737c6f624061abca766cb0d0b726.retcode
 create mode 100644 .logs/20260407-183857-30a07b2208384eeeb7833efaca6cb0db.err
 create mode 100644 .logs/20260407-183857-30a07b2208384eeeb7833efaca6cb0db.out
###2261db84d3a04c7f8266177d1503720866404d6c###
