[main 3dc55b2] Fix yarn.lock symlink for Render
 32 files changed, 402 insertions(+), 8051 deletions(-)
 create mode 100644 .logs/20260413-005459-836f83c801c443788700ca5d3931cac1.retcode
 create mode 100644 .logs/20260413-010721-7609b8bda9554a5b9092229b9bf339b1.err
 create mode 100644 .logs/20260413-010721-7609b8bda9554a5b9092229b9bf339b1.out
 create mode 100644 .logs/20260413-010721-7609b8bda9554a5b9092229b9bf339b1.retcode
 create mode 100644 .logs/20260413-010748-307c2cbb481e4e77996df470851cff8b.err
 create mode 100644 .logs/20260413-010748-307c2cbb481e4e77996df470851cff8b.out
 create mode 100644 .logs/20260413-010748-307c2cbb481e4e77996df470851cff8b.retcode
 create mode 100644 .logs/20260413-010748-4fa1f18dc5ca452bb81a606b176092bd.err
 create mode 100644 .logs/20260413-010748-4fa1f18dc5ca452bb81a606b176092bd.out
 create mode 100644 .logs/20260413-010748-4fa1f18dc5ca452bb81a606b176092bd.retcode
 create mode 100644 .logs/20260413-010748-54dd6d45fbfe4b2e9241d22536e68d09.err
 create mode 100644 .logs/20260413-010748-54dd6d45fbfe4b2e9241d22536e68d09.out
 create mode 100644 .logs/20260413-010748-54dd6d45fbfe4b2e9241d22536e68d09.retcode
 create mode 100644 .logs/20260413-010748-566bcaace26741bdac9adf3f9af1bd03.err
 create mode 100644 .logs/20260413-010748-566bcaace26741bdac9adf3f9af1bd03.out
 create mode 100644 .logs/20260413-010748-566bcaace26741bdac9adf3f9af1bd03.retcode
 create mode 100644 .logs/20260413-010748-dfe71db0df974535934cac4812bbbc91.err
 create mode 100644 .logs/20260413-010748-dfe71db0df974535934cac4812bbbc91.out
 create mode 100644 .logs/20260413-010748-dfe71db0df974535934cac4812bbbc91.retcode
 create mode 100644 .logs/20260413-010753-6a9d8e9bc2cf423eb962910d440abba5.err
 create mode 100644 .logs/20260413-010753-6a9d8e9bc2cf423eb962910d440abba5.out
 create mode 100644 .logs/20260413-010753-a58117ee886247b7bc694a38a4b9a5f3.err
 create mode 100644 .logs/20260413-010753-a58117ee886247b7bc694a38a4b9a5f3.out
 create mode 100644 .logs/20260413-010753-a58117ee886247b7bc694a38a4b9a5f3.retcode
 create mode 100644 .logs/20260413-010814-b987718278b14676bdb05ef0f3091b1e.err
 create mode 100644 .logs/20260413-010814-b987718278b14676bdb05ef0f3091b1e.out
 create mode 100644 .logs/20260413-010814-b987718278b14676bdb05ef0f3091b1e.retcode
 create mode 100644 .logs/20260413-010831-70dc0e79392b40628851a2d79f46bc79.err
 create mode 100644 .logs/20260413-010831-70dc0e79392b40628851a2d79f46bc79.out
 mode change 100644 => 120000 nodejs_space/yarn.lock
###3dc55b20f192e6879193821c825db0c6a5bf4273###
