[main b481b11] Fix Render deployment build order
 37 files changed, 889 insertions(+), 1 deletion(-)
 create mode 100644 .logs/20260409-164318-06ebae0a13b742a3bec4dc0711c4f660.retcode
 create mode 100644 .logs/20260409-180704-8dfa940c10de4226b778609e5ec8d85f.err
 create mode 100644 .logs/20260409-180704-8dfa940c10de4226b778609e5ec8d85f.out
 create mode 100644 .logs/20260412-213358-d95d8a42301d41fa92b0a6f966bbf9b0.err
 create mode 100644 .logs/20260412-213358-d95d8a42301d41fa92b0a6f966bbf9b0.out
 create mode 100644 .logs/20260412-222140-da700c99d5a3469686ccf54feed84f9c.err
 create mode 100644 .logs/20260412-222140-da700c99d5a3469686ccf54feed84f9c.out
 create mode 100644 .logs/20260413-002908-f603c5ed46b9466f8de3d4d7f85a788e.err
 create mode 100644 .logs/20260413-002908-f603c5ed46b9466f8de3d4d7f85a788e.out
 create mode 100644 .logs/20260413-002908-f603c5ed46b9466f8de3d4d7f85a788e.retcode
 create mode 100644 .logs/20260413-005416-28433b8fd46945fcb05e3dfb4ea7df2b.err
 create mode 100644 .logs/20260413-005416-28433b8fd46945fcb05e3dfb4ea7df2b.out
 create mode 100644 .logs/20260413-005416-28433b8fd46945fcb05e3dfb4ea7df2b.retcode
 create mode 100644 .logs/20260413-005416-7dc4304878a9463d81ca51a22818122c.err
 create mode 100644 .logs/20260413-005416-7dc4304878a9463d81ca51a22818122c.out
 create mode 100644 .logs/20260413-005416-7dc4304878a9463d81ca51a22818122c.retcode
 create mode 100644 .logs/20260413-005416-88b5d8c8749a4f73828b0788c3d667e5.err
 create mode 100644 .logs/20260413-005416-88b5d8c8749a4f73828b0788c3d667e5.out
 create mode 100644 .logs/20260413-005416-88b5d8c8749a4f73828b0788c3d667e5.retcode
 create mode 100644 .logs/20260413-005416-e8b43ff9becd478b914fe584e4b5020a.err
 create mode 100644 .logs/20260413-005416-e8b43ff9becd478b914fe584e4b5020a.out
 create mode 100644 .logs/20260413-005416-e8b43ff9becd478b914fe584e4b5020a.retcode
 create mode 100644 .logs/20260413-005416-ffab6d6126b845e288acada7632dcc86.err
 create mode 100644 .logs/20260413-005416-ffab6d6126b845e288acada7632dcc86.out
 create mode 100644 .logs/20260413-005416-ffab6d6126b845e288acada7632dcc86.retcode
 create mode 100644 .logs/20260413-005420-78ca0fb18bff4f7ebc49adb0c2d36871.err
 create mode 100644 .logs/20260413-005420-78ca0fb18bff4f7ebc49adb0c2d36871.out
 create mode 100644 .logs/20260413-005421-c469b3989b6843efa77b4b2ed9004d23.err
 create mode 100644 .logs/20260413-005421-c469b3989b6843efa77b4b2ed9004d23.out
 create mode 100644 .logs/20260413-005421-c469b3989b6843efa77b4b2ed9004d23.retcode
 create mode 100644 .logs/20260413-005441-de96104619204492946e36ea126f490f.err
 create mode 100644 .logs/20260413-005441-de96104619204492946e36ea126f490f.out
 create mode 100644 .logs/20260413-005441-de96104619204492946e36ea126f490f.retcode
 create mode 100644 .logs/20260413-005459-836f83c801c443788700ca5d3931cac1.err
 create mode 100644 .logs/20260413-005459-836f83c801c443788700ca5d3931cac1.out
###b481b112935b8ec4d906b48c0811fa69c262de14###
